Running GPU.
Epoch 0 : b_values [[0.33333333 0.33333333 0.33333333]
 [0.33333333 0.33333333 0.33333333]
 [0.33333333 0.33333333 0.33333333]
 [0.33333333 0.33333333 0.33333333]] 
Epoch  1 : Train Loss 0.019844 , Train acc 0.112700, Valid acc 0.112600
Epoch  2 : Train Loss 0.008779
Epoch  3 : Train Loss 0.002760
Epoch  4 : Train Loss 0.001422
Epoch  5 : Train Loss 0.000949
Epoch  6 : Train Loss 0.000679 , Train acc 0.965800, Valid acc 0.947200
Epoch  7 : Train Loss 0.000489
Epoch  8 : Train Loss 0.000358
Epoch  1 : Train Loss 0.019729 , Train acc 0.112700, Valid acc 0.112600
Epoch  2 : Train Loss 0.007879
Epoch  3 : Train Loss 0.002375
Epoch  4 : Train Loss 0.001228
Epoch  5 : Train Loss 0.000810
Epoch  6 : Train Loss 0.000546 , Train acc 0.950000, Valid acc 0.933000
Epoch  7 : Train Loss 0.000367
Epoch  8 : Train Loss 0.000259
Epoch  1 : Train Loss 0.020088 , Train acc 0.112700, Valid acc 0.112600
Epoch  2 : Train Loss 0.007864
Epoch  3 : Train Loss 0.002177
Epoch  4 : Train Loss 0.000980
Epoch  5 : Train Loss 0.000625
Epoch  6 : Train Loss 0.000366 , Train acc 0.934000, Valid acc 0.909000
Epoch  7 : Train Loss 0.000214
Epoch  8 : Train Loss 0.000120
Epoch  1 : Train Loss 0.019429 , Train acc 0.112700, Valid acc 0.112600
Epoch  2 : Train Loss 0.008433
Epoch  3 : Train Loss 0.002263
Epoch  4 : Train Loss 0.001132
Epoch  5 : Train Loss 0.000663
Epoch  6 : Train Loss 0.000403 , Train acc 0.964200, Valid acc 0.939400
Epoch  7 : Train Loss 0.000241
Epoch  8 : Train Loss 0.000141
Epoch  1 : Train Loss 0.017937 , Train acc 0.112700, Valid acc 0.112600
Epoch  2 : Train Loss 0.004721
Epoch  3 : Train Loss 0.001686
Epoch  4 : Train Loss 0.001012
Epoch  5 : Train Loss 0.000672
Epoch  6 : Train Loss 0.000442 , Train acc 0.972700, Valid acc 0.956200
Epoch  7 : Train Loss 0.000309
Epoch  8 : Train Loss 0.000223
Epoch  1 : Train Loss 0.019710 , Train acc 0.112700, Valid acc 0.112600
Epoch  2 : Train Loss 0.007799
Epoch  3 : Train Loss 0.002276
Epoch  4 : Train Loss 0.001162
Epoch  5 : Train Loss 0.000719
Epoch  6 : Train Loss 0.000468 , Train acc 0.957800, Valid acc 0.934800
Epoch  7 : Train Loss 0.000311
Epoch  8 : Train Loss 0.000214
Epoch  1 : Train Loss 0.017666 , Train acc 0.112700, Valid acc 0.112600
Epoch  2 : Train Loss 0.003812
Epoch  3 : Train Loss 0.001197
Epoch  4 : Train Loss 0.000589
Epoch  5 : Train Loss 0.000334
Epoch  6 : Train Loss 0.000158 , Train acc 0.989800, Valid acc 0.968200
Epoch  7 : Train Loss 0.000080
Epoch  8 : Train Loss 0.000047
Epoch  1 : Train Loss 0.018251 , Train acc 0.112700, Valid acc 0.112600
Epoch  2 : Train Loss 0.004574
Epoch  3 : Train Loss 0.001626
Epoch  4 : Train Loss 0.000902
Epoch  5 : Train Loss 0.000569
Epoch  6 : Train Loss 0.000316 , Train acc 0.976300, Valid acc 0.953400
Epoch  7 : Train Loss 0.000177
Epoch  8 : Train Loss 0.000100
[-0.69314718 -0.69314718 -0.69314718]
[0.33333333 0.33333333 0.33333333]
[0. 0. 0.]
[[0 1 0 0]
 [2 0 1 0]
 [1 2 2 0]
 [2 2 1 0]
 [1 0 0 1]
 [1 1 1 0]
 [2 2 2 2]
 [1 0 2 1]]
[-0.69314718 -0.69314718 -0.69314718]
[0.33333333 0.33333333 0.33333333]
[0. 0. 0.]
[[0 1 0 0]
 [2 0 1 0]
 [1 2 2 0]
 [2 2 1 0]
 [1 0 0 1]
 [1 1 1 0]
 [2 2 2 2]
 [1 0 2 1]]
[-0.69314718 -0.69314718 -0.69314718]
[0.33333333 0.33333333 0.33333333]
[0. 0. 0.]
[[0 1 0 0]
 [2 0 1 0]
 [1 2 2 0]
 [2 2 1 0]
 [1 0 0 1]
 [1 1 1 0]
 [2 2 2 2]
 [1 0 2 1]]
[-0.69314718 -0.69314718 -0.69314718]
[0.33333333 0.33333333 0.33333333]
[0. 0. 0.]
[[0 1 0 0]
 [2 0 1 0]
 [1 2 2 0]
 [2 2 1 0]
 [1 0 0 1]
 [1 1 1 0]
 [2 2 2 2]
 [1 0 2 1]]
Epoch 1 : b_values [[0.30725256 0.34420441 0.34854303]
 [0.32705598 0.3023198  0.37062421]
 [0.30075257 0.32207459 0.37717284]
 [0.30685962 0.3391914  0.35394899]] 
Epoch  1 : Train Loss 0.018440 , Train acc 0.112700, Valid acc 0.112600
Epoch  2 : Train Loss 0.005231
Epoch  3 : Train Loss 0.001642
Epoch  4 : Train Loss 0.000832
Epoch  5 : Train Loss 0.000544
Epoch  6 : Train Loss 0.000282 , Train acc 0.956100, Valid acc 0.928800
Epoch  7 : Train Loss 0.000137
Epoch  8 : Train Loss 0.000069
Epoch  1 : Train Loss 0.019573 , Train acc 0.112700, Valid acc 0.112600
Epoch  2 : Train Loss 0.007434
Epoch  3 : Train Loss 0.002202
Epoch  4 : Train Loss 0.001169
Epoch  5 : Train Loss 0.000770
Epoch  6 : Train Loss 0.000466 , Train acc 0.949800, Valid acc 0.923000
Epoch  7 : Train Loss 0.000294
Epoch  8 : Train Loss 0.000182
Epoch  1 : Train Loss 0.018712 , Train acc 0.112700, Valid acc 0.112600
Epoch  2 : Train Loss 0.005337
Epoch  3 : Train Loss 0.001485
Epoch  4 : Train Loss 0.000771
Epoch  5 : Train Loss 0.000471
Epoch  6 : Train Loss 0.000257 , Train acc 0.984900, Valid acc 0.960000
Epoch  7 : Train Loss 0.000146
Epoch  8 : Train Loss 0.000082
Epoch  1 : Train Loss 0.016350 , Train acc 0.112700, Valid acc 0.112600
Epoch  2 : Train Loss 0.003196
Epoch  3 : Train Loss 0.001312
Epoch  4 : Train Loss 0.000747
Epoch  5 : Train Loss 0.000444
Epoch  6 : Train Loss 0.000234 , Train acc 0.971400, Valid acc 0.956000
Epoch  7 : Train Loss 0.000122
Epoch  8 : Train Loss 0.000066
Epoch  1 : Train Loss 0.019905 , Train acc 0.112700, Valid acc 0.112600
Epoch  2 : Train Loss 0.009714
Epoch  3 : Train Loss 0.003465
Epoch  4 : Train Loss 0.001816
Epoch  5 : Train Loss 0.001240
Epoch  6 : Train Loss 0.000926 , Train acc 0.972800, Valid acc 0.959000
Epoch  7 : Train Loss 0.000720
Epoch  8 : Train Loss 0.000574
Epoch  1 : Train Loss 0.016593 , Train acc 0.112700, Valid acc 0.112600
Epoch  2 : Train Loss 0.003087
Epoch  3 : Train Loss 0.001230
Epoch  4 : Train Loss 0.000648
Epoch  5 : Train Loss 0.000348
Epoch  6 : Train Loss 0.000169 , Train acc 0.993700, Valid acc 0.974400
Epoch  7 : Train Loss 0.000096
Epoch  8 : Train Loss 0.000049
Epoch  1 : Train Loss 0.016739 , Train acc 0.112700, Valid acc 0.112600
Epoch  2 : Train Loss 0.003316
Epoch  3 : Train Loss 0.001184
Epoch  4 : Train Loss 0.000622
Epoch  5 : Train Loss 0.000366
Epoch  6 : Train Loss 0.000168 , Train acc 0.976600, Valid acc 0.949200
Epoch  7 : Train Loss 0.000086
Epoch  8 : Train Loss 0.000043
Epoch  1 : Train Loss 0.018529 , Train acc 0.112700, Valid acc 0.112600
Epoch  2 : Train Loss 0.004996
Epoch  3 : Train Loss 0.001561
Epoch  4 : Train Loss 0.000896
Epoch  5 : Train Loss 0.000534
Epoch  6 : Train Loss 0.000319 , Train acc 0.987100, Valid acc 0.967000
Epoch  7 : Train Loss 0.000201
Epoch  8 : Train Loss 0.000130
[-0.81299539 -0.64461345 -0.62544966]
[0.29501363 0.34911574 0.35587063]
[0. 0. 0.]
[[2 1 2 1]
 [1 2 1 0]
 [1 2 1 1]
 [1 1 1 2]
 [0 0 0 0]
 [0 2 1 2]
 [1 2 1 2]
 [2 2 0 1]]
[-0.72153078 -0.83627541 -0.52953987]
[0.32224247 0.28730939 0.39044815]
[0. 0. 0.]
[[2 1 2 1]
 [1 2 1 0]
 [1 2 1 1]
 [1 1 1 2]
 [0 0 0 0]
 [0 2 1 2]
 [1 2 1 2]
 [2 2 0 1]]
[-0.84371676 -0.7442541  -0.5015655 ]
[0.28469342 0.31446587 0.40084072]
[0. 0. 0.]
[[2 1 2 1]
 [1 2 1 0]
 [1 2 1 1]
 [1 1 1 2]
 [0 0 0 0]
 [0 2 1 2]
 [1 2 1 2]
 [2 2 0 1]]
[-0.81484219 -0.66689971 -0.60172566]
[0.29437955 0.34131726 0.36430319]
[0. 0. 0.]
[[2 1 2 1]
 [1 2 1 0]
 [1 2 1 1]
 [1 1 1 2]
 [0 0 0 0]
 [0 2 1 2]
 [1 2 1 2]
 [2 2 0 1]]
Epoch 2 : b_values [[0.2404174  0.38910382 0.37047878]
 [0.24928911 0.31170119 0.4390097 ]
 [0.21912132 0.37156844 0.40931024]
 [0.21955372 0.36541349 0.4150328 ]] 
Epoch  1 : Train Loss 0.018571 , Train acc 0.112700, Valid acc 0.112600
Epoch  2 : Train Loss 0.005338
Epoch  3 : Train Loss 0.001563
Epoch  4 : Train Loss 0.000850
Epoch  5 : Train Loss 0.000532
Epoch  6 : Train Loss 0.000303 , Train acc 0.980800, Valid acc 0.958400
Epoch  7 : Train Loss 0.000179
Epoch  8 : Train Loss 0.000108
Epoch  1 : Train Loss 0.018741 , Train acc 0.112700, Valid acc 0.112600
Epoch  2 : Train Loss 0.005023
Epoch  3 : Train Loss 0.001627
Epoch  4 : Train Loss 0.000876
Epoch  5 : Train Loss 0.000508
Epoch  6 : Train Loss 0.000282 , Train acc 0.971200, Valid acc 0.950800
Epoch  7 : Train Loss 0.000154
Epoch  8 : Train Loss 0.000084
Epoch  1 : Train Loss 0.018607 , Train acc 0.112700, Valid acc 0.112600
Epoch  2 : Train Loss 0.004922
Epoch  3 : Train Loss 0.001435
Epoch  4 : Train Loss 0.000773
Epoch  5 : Train Loss 0.000479
Epoch  6 : Train Loss 0.000328 , Train acc 0.934700, Valid acc 0.910600
Epoch  7 : Train Loss 0.000177
Epoch  8 : Train Loss 0.000099
Epoch  1 : Train Loss 0.017157 , Train acc 0.112700, Valid acc 0.112600
Epoch  2 : Train Loss 0.003624
Epoch  3 : Train Loss 0.001268
Epoch  4 : Train Loss 0.000644
Epoch  5 : Train Loss 0.000391
Epoch  6 : Train Loss 0.000216 , Train acc 0.993700, Valid acc 0.972200
Epoch  7 : Train Loss 0.000106
Epoch  8 : Train Loss 0.000053
Epoch  1 : Train Loss 0.018166 , Train acc 0.112700, Valid acc 0.112600
Epoch  2 : Train Loss 0.004779
Epoch  3 : Train Loss 0.001452
Epoch  4 : Train Loss 0.000820
Epoch  5 : Train Loss 0.000537
Epoch  6 : Train Loss 0.000326 , Train acc 0.944400, Valid acc 0.912000
Epoch  7 : Train Loss 0.000196
Epoch  8 : Train Loss 0.000105
Epoch  1 : Train Loss 0.017302 , Train acc 0.112700, Valid acc 0.112600
Epoch  2 : Train Loss 0.003686
Epoch  3 : Train Loss 0.001390
Epoch  4 : Train Loss 0.000719
Epoch  5 : Train Loss 0.000466
Epoch  6 : Train Loss 0.000216 , Train acc 0.988400, Valid acc 0.969200
Epoch  7 : Train Loss 0.000111
Epoch  8 : Train Loss 0.000055
Epoch  1 : Train Loss 0.018293 , Train acc 0.112700, Valid acc 0.112600
Epoch  2 : Train Loss 0.004938
Epoch  3 : Train Loss 0.001651
Epoch  4 : Train Loss 0.000955
Epoch  5 : Train Loss 0.000546
Epoch  6 : Train Loss 0.000346 , Train acc 0.986100, Valid acc 0.972000
Epoch  7 : Train Loss 0.000223
Epoch  8 : Train Loss 0.000143
Epoch  1 : Train Loss 0.020285 , Train acc 0.112700, Valid acc 0.112600
Epoch  2 : Train Loss 0.008018
Epoch  3 : Train Loss 0.001986
Epoch  4 : Train Loss 0.001017
Epoch  5 : Train Loss 0.000603
Epoch  6 : Train Loss 0.000349 , Train acc 0.981000, Valid acc 0.956800
Epoch  7 : Train Loss 0.000203
Epoch  8 : Train Loss 0.000119
[-1.15039249 -0.45108081 -0.53016341]
[0.20526627 0.41307108 0.38166265]
[0. 0. 0.]
[[2 1 1 1]
 [1 2 1 1]
 [2 2 1 1]
 [2 2 2 2]
 [2 0 2 1]
 [0 1 2 2]
 [1 0 1 1]
 [2 2 2 0]]
[-1.10240728 -0.79217805 -0.24518213]
[0.21184869 0.28890605 0.49924526]
[0. 0. 0.]
[[2 1 1 1]
 [1 2 1 1]
 [2 2 1 1]
 [2 2 2 2]
 [2 0 2 1]
 [0 1 2 2]
 [1 0 1 1]
 [2 2 2 0]]
[-1.27079428 -0.52549404 -0.36681753]
[0.17932466 0.37785033 0.44282501]
[0. 0. 0.]
[[2 1 1 1]
 [1 2 1 1]
 [2 2 1 1]
 [2 2 2 2]
 [2 0 2 1]
 [0 1 2 2]
 [1 0 1 1]
 [2 2 2 0]]
[-1.26826898 -0.55194407 -0.34319824]
[0.17956727 0.36755568 0.45287704]
[0. 0. 0.]
[[2 1 1 1]
 [1 2 1 1]
 [2 2 1 1]
 [2 2 2 2]
 [2 0 2 1]
 [0 1 2 2]
 [1 0 1 1]
 [2 2 2 0]]
Epoch 3 : b_values [[0.21504018 0.40354818 0.38141164]
 [0.1988996  0.29519283 0.50590757]
 [0.17907435 0.3620579  0.45886776]
 [0.17414232 0.34772525 0.47813242]] 
Epoch  1 : Train Loss 0.016669 , Train acc 0.112700, Valid acc 0.112600
Epoch  2 : Train Loss 0.003099
Epoch  3 : Train Loss 0.001288
Epoch  4 : Train Loss 0.000769
Epoch  5 : Train Loss 0.000429
Epoch  6 : Train Loss 0.000222 , Train acc 0.989800, Valid acc 0.971600
Epoch  7 : Train Loss 0.000116
Epoch  8 : Train Loss 0.000061
Epoch  1 : Train Loss 0.019879 , Train acc 0.112700, Valid acc 0.112600
Epoch  2 : Train Loss 0.007311
Epoch  3 : Train Loss 0.001969
Epoch  4 : Train Loss 0.000974
Epoch  5 : Train Loss 0.000593
Epoch  6 : Train Loss 0.000345 , Train acc 0.978800, Valid acc 0.960400
Epoch  7 : Train Loss 0.000209
Epoch  8 : Train Loss 0.000118
Epoch  1 : Train Loss 0.017739 , Train acc 0.112700, Valid acc 0.112600
Epoch  2 : Train Loss 0.004492
Epoch  3 : Train Loss 0.001487
Epoch  4 : Train Loss 0.000779
Epoch  5 : Train Loss 0.000491
Epoch  6 : Train Loss 0.000281 , Train acc 0.975800, Valid acc 0.952400
Epoch  7 : Train Loss 0.000172
Epoch  8 : Train Loss 0.000097
Epoch  1 : Train Loss 0.016879 , Train acc 0.112700, Valid acc 0.112600
Epoch  2 : Train Loss 0.003294
Epoch  3 : Train Loss 0.001269
Epoch  4 : Train Loss 0.000717
Epoch  5 : Train Loss 0.000389
Epoch  6 : Train Loss 0.000218 , Train acc 0.988800, Valid acc 0.961000
Epoch  7 : Train Loss 0.000120
Epoch  8 : Train Loss 0.000069
Epoch  1 : Train Loss 0.017655 , Train acc 0.112700, Valid acc 0.112600
Epoch  2 : Train Loss 0.003561
Epoch  3 : Train Loss 0.001258
Epoch  4 : Train Loss 0.000676
Epoch  5 : Train Loss 0.000362
Epoch  6 : Train Loss 0.000178 , Train acc 0.990700, Valid acc 0.969400
Epoch  7 : Train Loss 0.000087
Epoch  8 : Train Loss 0.000044
Epoch  1 : Train Loss 0.018575 , Train acc 0.112700, Valid acc 0.112600
Epoch  2 : Train Loss 0.005436
Epoch  3 : Train Loss 0.001578
Epoch  4 : Train Loss 0.000808
Epoch  5 : Train Loss 0.000441
Epoch  6 : Train Loss 0.000246 , Train acc 0.987300, Valid acc 0.963800
Epoch  7 : Train Loss 0.000132
Epoch  8 : Train Loss 0.000071
Epoch  1 : Train Loss 0.019476 , Train acc 0.112700, Valid acc 0.112600
Epoch  2 : Train Loss 0.007359
Epoch  3 : Train Loss 0.002096
Epoch  4 : Train Loss 0.001009
Epoch  5 : Train Loss 0.000584
Epoch  6 : Train Loss 0.000365 , Train acc 0.957500, Valid acc 0.935400
Epoch  7 : Train Loss 0.000226
Epoch  8 : Train Loss 0.000142
Epoch  1 : Train Loss 0.016801 , Train acc 0.112700, Valid acc 0.112600
Epoch  2 : Train Loss 0.003641
Epoch  3 : Train Loss 0.001482
Epoch  4 : Train Loss 0.000859
Epoch  5 : Train Loss 0.000519
Epoch  6 : Train Loss 0.000323 , Train acc 0.977400, Valid acc 0.960200
Epoch  7 : Train Loss 0.000200
Epoch  8 : Train Loss 0.000130
[-1.29480763 -0.39070257 -0.48356085]
[0.17481194 0.43173666 0.3934514 ]
[0. 0. 0.]
[[0 0 2 2]
 [1 2 2 0]
 [2 0 2 1]
 [2 0 1 2]
 [0 1 2 2]
 [1 2 1 1]
 [2 2 1 0]
 [0 0 0 2]]
[-1.39318612 -0.87029544  0.02363138]
[0.14682408 0.24767708 0.60549884]
[0. 0. 0.]
[[0 0 2 2]
 [1 2 2 0]
 [2 0 2 1]
 [2 0 1 2]
 [0 1 2 2]
 [1 2 1 1]
 [2 2 1 0]
 [0 0 0 2]]
[-1.5226315  -0.56644339 -0.16490164]
[0.13352707 0.34740537 0.51906757]
[0. 0. 0.]
[[0 0 2 2]
 [1 2 2 0]
 [2 0 2 1]
 [2 0 1 2]
 [0 1 2 2]
 [1 2 1 1]
 [2 2 1 0]
 [0 0 0 2]]
[-1.55654955 -0.6290532  -0.08752614]
[0.12701378 0.32111263 0.55187358]
[0. 0. 0.]
[[0 0 2 2]
 [1 2 2 0]
 [2 0 2 1]
 [2 0 1 2]
 [0 1 2 2]
 [1 2 1 1]
 [2 2 1 0]
 [0 0 0 2]]
Epoch 4 : b_values [[0.18369837 0.43179183 0.3845098 ]
 [0.14912164 0.26108993 0.58978843]
 [0.12664614 0.34227053 0.53108333]
 [0.11416341 0.32100848 0.56482811]] 
Epoch  1 : Train Loss 0.017895 , Train acc 0.112700, Valid acc 0.112600
Epoch  2 : Train Loss 0.003661
Epoch  3 : Train Loss 0.001281
Epoch  4 : Train Loss 0.000678
Epoch  5 : Train Loss 0.000422
Epoch  6 : Train Loss 0.000235 , Train acc 0.985900, Valid acc 0.967800
Epoch  7 : Train Loss 0.000112
Epoch  8 : Train Loss 0.000055
Epoch  1 : Train Loss 0.017367 , Train acc 0.112700, Valid acc 0.112600
Epoch  2 : Train Loss 0.003677
Epoch  3 : Train Loss 0.001301
Epoch  4 : Train Loss 0.000673
Epoch  5 : Train Loss 0.000368
Epoch  6 : Train Loss 0.000196 , Train acc 0.989600, Valid acc 0.971200
Epoch  7 : Train Loss 0.000094
Epoch  8 : Train Loss 0.000049
Epoch  1 : Train Loss 0.016581 , Train acc 0.112700, Valid acc 0.112600
Epoch  2 : Train Loss 0.003261
Epoch  3 : Train Loss 0.001259
Epoch  4 : Train Loss 0.000724
Epoch  5 : Train Loss 0.000463
Epoch  6 : Train Loss 0.000271 , Train acc 0.954700, Valid acc 0.936600
Epoch  7 : Train Loss 0.000151
Epoch  8 : Train Loss 0.000089
Epoch  1 : Train Loss 0.017945 , Train acc 0.112700, Valid acc 0.112600
Epoch  2 : Train Loss 0.005242
Epoch  3 : Train Loss 0.001608
Epoch  4 : Train Loss 0.000862
Epoch  5 : Train Loss 0.000565
Epoch  6 : Train Loss 0.000333 , Train acc 0.976100, Valid acc 0.949000
Epoch  7 : Train Loss 0.000186
Epoch  8 : Train Loss 0.000108
Epoch  1 : Train Loss 0.017543 , Train acc 0.112700, Valid acc 0.112600
Epoch  2 : Train Loss 0.003354
Epoch  3 : Train Loss 0.001281
Epoch  4 : Train Loss 0.000766
Epoch  5 : Train Loss 0.000424
Epoch  6 : Train Loss 0.000221 , Train acc 0.994300, Valid acc 0.973200
Epoch  7 : Train Loss 0.000109
Epoch  8 : Train Loss 0.000056
Epoch  1 : Train Loss 0.017594 , Train acc 0.112700, Valid acc 0.112600
Epoch  2 : Train Loss 0.003682
Epoch  3 : Train Loss 0.001237
Epoch  4 : Train Loss 0.000686
Epoch  5 : Train Loss 0.000389
Epoch  6 : Train Loss 0.000193 , Train acc 0.974700, Valid acc 0.944000
Epoch  7 : Train Loss 0.000102
Epoch  8 : Train Loss 0.000062
Epoch  1 : Train Loss 0.018351 , Train acc 0.112700, Valid acc 0.112600
Epoch  2 : Train Loss 0.004299
Epoch  3 : Train Loss 0.001388
Epoch  4 : Train Loss 0.000780
Epoch  5 : Train Loss 0.000476
Epoch  6 : Train Loss 0.000253 , Train acc 0.988700, Valid acc 0.968000
Epoch  7 : Train Loss 0.000123
Epoch  8 : Train Loss 0.000070
Epoch  1 : Train Loss 0.016920 , Train acc 0.112700, Valid acc 0.112600
Epoch  2 : Train Loss 0.003262
Epoch  3 : Train Loss 0.001199
Epoch  4 : Train Loss 0.000690
Epoch  5 : Train Loss 0.000376
Epoch  6 : Train Loss 0.000200 , Train acc 0.987700, Valid acc 0.963800
Epoch  7 : Train Loss 0.000111
Epoch  8 : Train Loss 0.000057
[-1.49148879 -0.27454425 -0.47044976]
[0.13980281 0.47209371 0.38810347]
[0. 0. 0.]
[[2 1 2 2]
 [1 1 1 2]
 [0 0 1 2]
 [2 1 2 1]
 [1 1 1 2]
 [1 2 1 2]
 [1 2 2 1]
 [1 1 2 2]]
[-1.74150682 -1.04031133  0.36309084]
[0.08912685 0.17969413 0.73117901]
[0. 0. 0.]
[[2 1 2 2]
 [1 1 1 2]
 [0 0 1 2]
 [2 1 2 1]
 [1 1 1 2]
 [1 2 1 2]
 [1 2 2 1]
 [1 1 2 2]]
[-1.93094388 -0.65319226  0.12449384]
[0.08065285 0.28942777 0.62991939]
[0. 0. 0.]
[[2 1 2 2]
 [1 1 1 2]
 [0 0 1 2]
 [2 1 2 1]
 [1 1 1 2]
 [1 2 1 2]
 [1 2 2 1]
 [1 1 2 2]]
[-2.04890164 -0.74914111  0.26078036]
[0.06784426 0.24888112 0.68327461]
[0. 0. 0.]
[[2 1 2 2]
 [1 1 1 2]
 [0 0 1 2]
 [2 1 2 1]
 [1 1 1 2]
 [1 2 1 2]
 [1 2 2 1]
 [1 1 2 2]]
Epoch 5 : b_values [[0.13433661 0.49123803 0.37442536]
 [0.08574558 0.18354718 0.73070725]
 [0.08071114 0.29591116 0.6233777 ]
 [0.06765575 0.23461744 0.69772681]] 
Epoch  1 : Train Loss 0.018284 , Train acc 0.112700, Valid acc 0.112600
Epoch  2 : Train Loss 0.004758
Epoch  3 : Train Loss 0.001431
Epoch  4 : Train Loss 0.000668
Epoch  5 : Train Loss 0.000404
Epoch  6 : Train Loss 0.000216 , Train acc 0.980200, Valid acc 0.963000
Epoch  7 : Train Loss 0.000124
Epoch  8 : Train Loss 0.000067
Epoch  1 : Train Loss 0.017882 , Train acc 0.112700, Valid acc 0.112600
Epoch  2 : Train Loss 0.004208
Epoch  3 : Train Loss 0.001477
Epoch  4 : Train Loss 0.000850
Epoch  5 : Train Loss 0.000556
Epoch  6 : Train Loss 0.000332 , Train acc 0.987800, Valid acc 0.972200
Epoch  7 : Train Loss 0.000173
Epoch  8 : Train Loss 0.000087
Epoch  1 : Train Loss 0.016819 , Train acc 0.112700, Valid acc 0.112600
Epoch  2 : Train Loss 0.003519
Epoch  3 : Train Loss 0.001282
Epoch  4 : Train Loss 0.000688
Epoch  5 : Train Loss 0.000386
Epoch  6 : Train Loss 0.000182 , Train acc 0.989800, Valid acc 0.965600
Epoch  7 : Train Loss 0.000090
Epoch  8 : Train Loss 0.000042
Epoch  1 : Train Loss 0.017777 , Train acc 0.112700, Valid acc 0.112600
Epoch  2 : Train Loss 0.004039
Epoch  3 : Train Loss 0.001301
Epoch  4 : Train Loss 0.000729
Epoch  5 : Train Loss 0.000440
Epoch  6 : Train Loss 0.000250 , Train acc 0.988800, Valid acc 0.962000
Epoch  7 : Train Loss 0.000124
Epoch  8 : Train Loss 0.000057
Epoch  1 : Train Loss 0.017246 , Train acc 0.107000, Valid acc 0.104600
Epoch  2 : Train Loss 0.003588
Epoch  3 : Train Loss 0.001225
Epoch  4 : Train Loss 0.000627
Epoch  5 : Train Loss 0.000315
Epoch  6 : Train Loss 0.000161 , Train acc 0.996600, Valid acc 0.976600
Epoch  7 : Train Loss 0.000076
Epoch  8 : Train Loss 0.000039
Epoch  1 : Train Loss 0.017785 , Train acc 0.112700, Valid acc 0.112600
Epoch  2 : Train Loss 0.004622
Epoch  3 : Train Loss 0.001552
Epoch  4 : Train Loss 0.000815
Epoch  5 : Train Loss 0.000434
Epoch  6 : Train Loss 0.000249 , Train acc 0.992400, Valid acc 0.974000
Epoch  7 : Train Loss 0.000135
Epoch  8 : Train Loss 0.000084
Epoch  1 : Train Loss 0.017612 , Train acc 0.112700, Valid acc 0.112600
Epoch  2 : Train Loss 0.003590
Epoch  3 : Train Loss 0.001240
Epoch  4 : Train Loss 0.000653
Epoch  5 : Train Loss 0.000406
Epoch  6 : Train Loss 0.000201 , Train acc 0.990900, Valid acc 0.965000
Epoch  7 : Train Loss 0.000108
Epoch  8 : Train Loss 0.000051
Epoch  1 : Train Loss 0.019866 , Train acc 0.112700, Valid acc 0.112600
Epoch  2 : Train Loss 0.007911
Epoch  3 : Train Loss 0.002293
Epoch  4 : Train Loss 0.001149
Epoch  5 : Train Loss 0.000656
Epoch  6 : Train Loss 0.000407 , Train acc 0.977500, Valid acc 0.958400
Epoch  7 : Train Loss 0.000257
Epoch  8 : Train Loss 0.000170
[-1.86314747 -0.03505146 -0.51327819]
[0.09026126 0.56160816 0.34813058]
[0. 0. 0.]
[[2 2 2 2]
 [2 2 2 1]
 [1 2 2 2]
 [2 2 2 2]
 [0 2 1 2]
 [1 0 2 1]
 [1 2 1 2]
 [0 2 2 0]]
[-2.3667244  -1.49249741  0.99821381]
[0.03093224 0.07414524 0.89492252]
[0. 0. 0.]
[[2 2 2 2]
 [2 2 2 1]
 [1 2 2 2]
 [2 2 2 2]
 [0 2 1 2]
 [1 0 2 1]
 [1 2 1 2]
 [0 2 2 0]]
[-2.43272379 -0.86684525  0.50390975]
[0.04058581 0.19427935 0.76513484]
[0. 0. 0.]
[[2 2 2 2]
 [2 2 2 1]
 [1 2 2 2]
 [2 2 2 2]
 [0 2 1 2]
 [1 0 2 1]
 [1 2 1 2]
 [0 2 2 0]]
[-2.62326982 -1.18241952  0.83649645]
[0.02700234 0.11406561 0.85893205]
[0. 0. 0.]
[[2 2 2 2]
 [2 2 2 1]
 [1 2 2 2]
 [2 2 2 2]
 [0 2 1 2]
 [1 0 2 1]
 [1 2 1 2]
 [0 2 2 0]]
Epoch 6 : b_values [[0.08098805 0.5717655  0.34724645]
 [0.03044014 0.07407126 0.8954886 ]
 [0.04064494 0.2107491  0.74860596]
 [0.02272646 0.10865223 0.8686213 ]] 
Epoch  1 : Train Loss 0.016593 , Train acc 0.112700, Valid acc 0.112600
Epoch  2 : Train Loss 0.003521
Epoch  3 : Train Loss 0.001190
Epoch  4 : Train Loss 0.000625
Epoch  5 : Train Loss 0.000329
Epoch  6 : Train Loss 0.000186 , Train acc 0.994500, Valid acc 0.969200
Epoch  7 : Train Loss 0.000088
Epoch  8 : Train Loss 0.000038
Epoch  1 : Train Loss 0.017291 , Train acc 0.112700, Valid acc 0.112600
Epoch  2 : Train Loss 0.003248
Epoch  3 : Train Loss 0.001295
Epoch  4 : Train Loss 0.000658
Epoch  5 : Train Loss 0.000392
Epoch  6 : Train Loss 0.000219 , Train acc 0.975300, Valid acc 0.950800
Epoch  7 : Train Loss 0.000106
Epoch  8 : Train Loss 0.000054
Epoch  1 : Train Loss 0.017080 , Train acc 0.112700, Valid acc 0.112600
Epoch  2 : Train Loss 0.003562
Epoch  3 : Train Loss 0.001314
Epoch  4 : Train Loss 0.000662
Epoch  5 : Train Loss 0.000353
Epoch  6 : Train Loss 0.000209 , Train acc 0.979300, Valid acc 0.957200
Epoch  7 : Train Loss 0.000130
Epoch  8 : Train Loss 0.000073
Epoch  1 : Train Loss 0.017341 , Train acc 0.112700, Valid acc 0.112600
Epoch  2 : Train Loss 0.003634
Epoch  3 : Train Loss 0.001275
Epoch  4 : Train Loss 0.000684
Epoch  5 : Train Loss 0.000453
Epoch  6 : Train Loss 0.000220 , Train acc 0.988300, Valid acc 0.967600
Epoch  7 : Train Loss 0.000099
Epoch  8 : Train Loss 0.000046
Epoch  1 : Train Loss 0.018113 , Train acc 0.112800, Valid acc 0.112600
Epoch  2 : Train Loss 0.003760
Epoch  3 : Train Loss 0.001330
Epoch  4 : Train Loss 0.000767
Epoch  5 : Train Loss 0.000459
Epoch  6 : Train Loss 0.000290 , Train acc 0.983400, Valid acc 0.959200
Epoch  7 : Train Loss 0.000172
Epoch  8 : Train Loss 0.000092
Epoch  1 : Train Loss 0.017056 , Train acc 0.112700, Valid acc 0.112600
Epoch  2 : Train Loss 0.003376
Epoch  3 : Train Loss 0.001188
Epoch  4 : Train Loss 0.000661
Epoch  5 : Train Loss 0.000391
Epoch  6 : Train Loss 0.000201 , Train acc 0.971500, Valid acc 0.939800
Epoch  7 : Train Loss 0.000079
Epoch  8 : Train Loss 0.000031
Epoch  1 : Train Loss 0.018377 , Train acc 0.112700, Valid acc 0.112600
Epoch  2 : Train Loss 0.004440
Epoch  3 : Train Loss 0.001374
Epoch  4 : Train Loss 0.000709
Epoch  5 : Train Loss 0.000411
Epoch  6 : Train Loss 0.000230 , Train acc 0.986000, Valid acc 0.959800
Epoch  7 : Train Loss 0.000116
Epoch  8 : Train Loss 0.000049
Epoch  1 : Train Loss 0.017286 , Train acc 0.112700, Valid acc 0.112600
Epoch  2 : Train Loss 0.003411
Epoch  3 : Train Loss 0.001309
Epoch  4 : Train Loss 0.000719
Epoch  5 : Train Loss 0.000441
Epoch  6 : Train Loss 0.000254 , Train acc 0.987100, Valid acc 0.966400
Epoch  7 : Train Loss 0.000111
Epoch  8 : Train Loss 0.000053
[-2.42899747  0.28905799 -0.63116489]
[0.04507066 0.68285805 0.27207129]
[0. 0. 0.]
[[2 2 2 2]
 [1 2 2 2]
 [2 2 2 2]
 [0 2 2 2]
 [2 2 2 2]
 [1 2 2 2]
 [2 2 2 2]
 [1 2 1 2]]
[-3.46108008 -2.52576966  2.14807332]
[0.00361715 0.0092165  0.98716635]
[0. 0. 0.]
[[2 2 2 2]
 [1 2 2 2]
 [2 2 2 2]
 [0 2 2 2]
 [2 2 2 2]
 [1 2 2 2]
 [2 2 2 2]
 [1 2 1 2]]
[-3.16138692 -1.32041594  1.09119117]
[0.01288842 0.08123126 0.90588033]
[0. 0. 0.]
[[2 2 2 2]
 [1 2 2 2]
 [2 2 2 2]
 [0 2 2 2]
 [2 2 2 2]
 [1 2 2 2]
 [2 2 2 2]
 [1 2 1 2]]
[-3.76123658 -2.10458241  1.88882329]
[0.00344175 0.01804075 0.97851751]
[0. 0. 0.]
[[2 2 2 2]
 [1 2 2 2]
 [2 2 2 2]
 [0 2 2 2]
 [2 2 2 2]
 [1 2 2 2]
 [2 2 2 2]
 [1 2 1 2]]
Epoch 7 : b_values [[0.04594615 0.69684468 0.25720917]
 [0.00361715 0.0092165  0.98716635]
 [0.01288891 0.08150834 0.90560275]
 [0.00344175 0.01804075 0.97851751]] 
Epoch  1 : Train Loss 0.017122 , Train acc 0.112700, Valid acc 0.112600
Epoch  2 : Train Loss 0.003145
Epoch  3 : Train Loss 0.001149
Epoch  4 : Train Loss 0.000612
Epoch  5 : Train Loss 0.000332
Epoch  6 : Train Loss 0.000169 , Train acc 0.980400, Valid acc 0.957200
Epoch  7 : Train Loss 0.000092
Epoch  8 : Train Loss 0.000039
Epoch  1 : Train Loss 0.017312 , Train acc 0.112700, Valid acc 0.112600
Epoch  2 : Train Loss 0.003443
Epoch  3 : Train Loss 0.001265
Epoch  4 : Train Loss 0.000680
Epoch  5 : Train Loss 0.000369
Epoch  6 : Train Loss 0.000182 , Train acc 0.980500, Valid acc 0.954200
Epoch  7 : Train Loss 0.000090
Epoch  8 : Train Loss 0.000055
Epoch  1 : Train Loss 0.017536 , Train acc 0.112700, Valid acc 0.112600
Epoch  2 : Train Loss 0.003864
Epoch  3 : Train Loss 0.001313
Epoch  4 : Train Loss 0.000729
Epoch  5 : Train Loss 0.000423
Epoch  6 : Train Loss 0.000204 , Train acc 0.972300, Valid acc 0.948400
Epoch  7 : Train Loss 0.000097
Epoch  8 : Train Loss 0.000041
Epoch  1 : Train Loss 0.017284 , Train acc 0.112700, Valid acc 0.112600
Epoch  2 : Train Loss 0.003668
Epoch  3 : Train Loss 0.001236
Epoch  4 : Train Loss 0.000638
Epoch  5 : Train Loss 0.000394
Epoch  6 : Train Loss 0.000196 , Train acc 0.992700, Valid acc 0.968800
Epoch  7 : Train Loss 0.000083
Epoch  8 : Train Loss 0.000044
Epoch  1 : Train Loss 0.017480 , Train acc 0.112700, Valid acc 0.112600
Epoch  2 : Train Loss 0.003675
Epoch  3 : Train Loss 0.001332
Epoch  4 : Train Loss 0.000688
Epoch  5 : Train Loss 0.000361
Epoch  6 : Train Loss 0.000176 , Train acc 0.995700, Valid acc 0.976200
Epoch  7 : Train Loss 0.000103
Epoch  8 : Train Loss 0.000065
Epoch  1 : Train Loss 0.017073 , Train acc 0.112700, Valid acc 0.112600
Epoch  2 : Train Loss 0.003435
Epoch  3 : Train Loss 0.001279
Epoch  4 : Train Loss 0.000658
Epoch  5 : Train Loss 0.000327
Epoch  6 : Train Loss 0.000147 , Train acc 0.997100, Valid acc 0.973000
Epoch  7 : Train Loss 0.000063
Epoch  8 : Train Loss 0.000031
Epoch  1 : Train Loss 0.018038 , Train acc 0.112700, Valid acc 0.112600
Epoch  2 : Train Loss 0.004137
Epoch  3 : Train Loss 0.001287
Epoch  4 : Train Loss 0.000692
Epoch  5 : Train Loss 0.000426
Epoch  6 : Train Loss 0.000204 , Train acc 0.990400, Valid acc 0.967400
Epoch  7 : Train Loss 0.000094
Epoch  8 : Train Loss 0.000045
Epoch  1 : Train Loss 0.017917 , Train acc 0.086300, Valid acc 0.091000
Epoch  2 : Train Loss 0.004034
Epoch  3 : Train Loss 0.001294
Epoch  4 : Train Loss 0.000651
Epoch  5 : Train Loss 0.000392
Epoch  6 : Train Loss 0.000188 , Train acc 0.992300, Valid acc 0.971200
Epoch  7 : Train Loss 0.000089
Epoch  8 : Train Loss 0.000036
[-3.03325005  0.83231725 -1.06052482]
[0.0178825  0.85353793 0.12857957]
[0. 0. 0.]
[[1 2 2 2]
 [1 2 2 2]
 [1 2 2 2]
 [1 2 2 2]
 [1 2 2 2]
 [0 2 2 2]
 [2 2 2 2]
 [1 2 2 2]]
[-5.61844641 -4.67750046  4.34276813]
[4.71874471e-05 1.20913312e-04 9.99831899e-01]
[0. 0. 0.]
[[1 2 2 2]
 [1 2 2 2]
 [1 2 2 2]
 [1 2 2 2]
 [1 2 2 2]
 [0 2 2 2]
 [2 2 2 2]
 [1 2 2 2]]
[-4.33841503 -2.42202747  2.26108875]
[0.00134675 0.00915302 0.98950023]
[0. 0. 0.]
[[1 2 2 2]
 [1 2 2 2]
 [1 2 2 2]
 [1 2 2 2]
 [1 2 2 2]
 [0 2 2 2]
 [2 2 2 2]
 [1 2 2 2]]
[-5.66832879 -3.99691684  3.81880033]
[7.57851520e-05 4.03152273e-04 9.99521063e-01]
[0. 0. 0.]
[[1 2 2 2]
 [1 2 2 2]
 [1 2 2 2]
 [1 2 2 2]
 [1 2 2 2]
 [0 2 2 2]
 [2 2 2 2]
 [1 2 2 2]]
Epoch 8 : b_values [[1.86423549e-02 8.52476119e-01 1.28881526e-01]
 [4.71874471e-05 1.20913312e-04 9.99831899e-01]
 [1.34675260e-03 9.15301904e-03 9.89500228e-01]
 [7.57851520e-05 4.03152273e-04 9.99521063e-01]] 
Epoch  1 : Train Loss 0.017865 , Train acc 0.112700, Valid acc 0.112600
Epoch  2 : Train Loss 0.003839
Epoch  3 : Train Loss 0.001173
Epoch  4 : Train Loss 0.000581
Epoch  5 : Train Loss 0.000355
Epoch  6 : Train Loss 0.000165 , Train acc 0.988300, Valid acc 0.965600
Epoch  7 : Train Loss 0.000072
Epoch  8 : Train Loss 0.000034
Epoch  1 : Train Loss 0.017846 , Train acc 0.112700, Valid acc 0.112600
Epoch  2 : Train Loss 0.003618
Epoch  3 : Train Loss 0.001240
Epoch  4 : Train Loss 0.000668
Epoch  5 : Train Loss 0.000420
Epoch  6 : Train Loss 0.000240 , Train acc 0.993600, Valid acc 0.969800
Epoch  7 : Train Loss 0.000136
Epoch  8 : Train Loss 0.000045
Epoch  1 : Train Loss 0.017808 , Train acc 0.112700, Valid acc 0.112600
Epoch  2 : Train Loss 0.003815
Epoch  3 : Train Loss 0.001331
Epoch  4 : Train Loss 0.000772
Epoch  5 : Train Loss 0.000440
Epoch  6 : Train Loss 0.000256 , Train acc 0.972800, Valid acc 0.949000
Epoch  7 : Train Loss 0.000144
Epoch  8 : Train Loss 0.000069
Epoch  1 : Train Loss 0.017346 , Train acc 0.112700, Valid acc 0.112600
Epoch  2 : Train Loss 0.003531
Epoch  3 : Train Loss 0.001157
Epoch  4 : Train Loss 0.000610
Epoch  5 : Train Loss 0.000344
Epoch  6 : Train Loss 0.000186 , Train acc 0.990400, Valid acc 0.968400
Epoch  7 : Train Loss 0.000083
Epoch  8 : Train Loss 0.000034
Epoch  1 : Train Loss 0.016969 , Train acc 0.112700, Valid acc 0.112600
Epoch  2 : Train Loss 0.003438
Epoch  3 : Train Loss 0.001331
Epoch  4 : Train Loss 0.000701
Epoch  5 : Train Loss 0.000451
Epoch  6 : Train Loss 0.000206 , Train acc 0.950900, Valid acc 0.925200
Epoch  7 : Train Loss 0.000090
Epoch  8 : Train Loss 0.000038
Epoch  1 : Train Loss 0.016694 , Train acc 0.112700, Valid acc 0.112600
Epoch  2 : Train Loss 0.003097
Epoch  3 : Train Loss 0.001165
Epoch  4 : Train Loss 0.000626
Epoch  5 : Train Loss 0.000336
Epoch  6 : Train Loss 0.000162 , Train acc 0.980300, Valid acc 0.954400
Epoch  7 : Train Loss 0.000086
Epoch  8 : Train Loss 0.000038
Epoch  1 : Train Loss 0.018451 , Train acc 0.112700, Valid acc 0.112600
Epoch  2 : Train Loss 0.004307
Epoch  3 : Train Loss 0.001346
Epoch  4 : Train Loss 0.000639
Epoch  5 : Train Loss 0.000336
Epoch  6 : Train Loss 0.000188 , Train acc 0.992300, Valid acc 0.969000
Epoch  7 : Train Loss 0.000069
Epoch  8 : Train Loss 0.000031
Epoch  1 : Train Loss 0.017761 , Train acc 0.112700, Valid acc 0.112600
Epoch  2 : Train Loss 0.003826
Epoch  3 : Train Loss 0.001347
Epoch  4 : Train Loss 0.000690
Epoch  5 : Train Loss 0.000412
Epoch  6 : Train Loss 0.000233 , Train acc 0.981900, Valid acc 0.956800
Epoch  7 : Train Loss 0.000139
Epoch  8 : Train Loss 0.000059
[-3.96350083  1.75415513 -1.91088441]
[0.0031951  0.97192066 0.02488424]
[0. 0. 0.]
[[1 2 2 2]
 [1 2 2 2]
 [1 2 2 2]
 [1 2 2 2]
 [1 2 2 2]
 [1 2 2 2]
 [1 2 2 2]
 [1 2 2 2]]
[-9.96133546 -9.02031578  8.69077889]
[7.93395347e-09 2.03314945e-08 9.99999972e-01]
[0. 0. 0.]
[[1 2 2 2]
 [1 2 2 2]
 [1 2 2 2]
 [1 2 2 2]
 [1 2 2 2]
 [1 2 2 2]
 [1 2 2 2]
 [1 2 2 2]]
[-6.6087114  -4.68447634  4.54584649]
[1.43083079e-05 9.80105774e-05 9.99887681e-01]
[0. 0. 0.]
[[1 2 2 2]
 [1 2 2 2]
 [1 2 2 2]
 [1 2 2 2]
 [1 2 2 2]
 [1 2 2 2]
 [1 2 2 2]
 [1 2 2 2]]
[-9.48753238 -7.81579298  7.64346155]
[3.63164815e-08 1.93255098e-07 9.99999770e-01]
[0. 0. 0.]
[[1 2 2 2]
 [1 2 2 2]
 [1 2 2 2]
 [1 2 2 2]
 [1 2 2 2]
 [1 2 2 2]
 [1 2 2 2]
 [1 2 2 2]]
Epoch 9 : b_values [[3.19509946e-03 9.71920662e-01 2.48842390e-02]
 [7.93395347e-09 2.03314945e-08 9.99999972e-01]
 [1.43083079e-05 9.80105774e-05 9.99887681e-01]
 [3.63164815e-08 1.93255098e-07 9.99999770e-01]] 
Epoch  1 : Train Loss 0.017113 , Train acc 0.112700, Valid acc 0.112600
Epoch  2 : Train Loss 0.003347
Epoch  3 : Train Loss 0.001233
Epoch  4 : Train Loss 0.000684
Epoch  5 : Train Loss 0.000419
Epoch  6 : Train Loss 0.000236 , Train acc 0.997000, Valid acc 0.983000
Epoch  7 : Train Loss 0.000100
Epoch  8 : Train Loss 0.000045
Epoch  1 : Train Loss 0.017500 , Train acc 0.112700, Valid acc 0.112600
Epoch  2 : Train Loss 0.003885
Epoch  3 : Train Loss 0.001221
Epoch  4 : Train Loss 0.000590
Epoch  5 : Train Loss 0.000318
Epoch  6 : Train Loss 0.000177 , Train acc 0.989500, Valid acc 0.964200
Epoch  7 : Train Loss 0.000084
Epoch  8 : Train Loss 0.000039
Epoch  1 : Train Loss 0.017521 , Train acc 0.112700, Valid acc 0.112600
Epoch  2 : Train Loss 0.003891
Epoch  3 : Train Loss 0.001229
Epoch  4 : Train Loss 0.000675
Epoch  5 : Train Loss 0.000387
Epoch  6 : Train Loss 0.000208 , Train acc 0.960000, Valid acc 0.932000
Epoch  7 : Train Loss 0.000088
Epoch  8 : Train Loss 0.000038
Epoch  1 : Train Loss 0.017486 , Train acc 0.112700, Valid acc 0.112600
Epoch  2 : Train Loss 0.003861
Epoch  3 : Train Loss 0.001260
Epoch  4 : Train Loss 0.000661
Epoch  5 : Train Loss 0.000416
Epoch  6 : Train Loss 0.000293 , Train acc 0.984900, Valid acc 0.965400
Epoch  7 : Train Loss 0.000157
Epoch  8 : Train Loss 0.000076
Epoch  1 : Train Loss 0.017781 , Train acc 0.112700, Valid acc 0.112600
Epoch  2 : Train Loss 0.004045
Epoch  3 : Train Loss 0.001281
Epoch  4 : Train Loss 0.000603
Epoch  5 : Train Loss 0.000297
Epoch  6 : Train Loss 0.000221 , Train acc 0.958800, Valid acc 0.935200
Epoch  7 : Train Loss 0.000111
Epoch  8 : Train Loss 0.000052
Epoch  1 : Train Loss 0.017301 , Train acc 0.112700, Valid acc 0.112600
Epoch  2 : Train Loss 0.003672
Epoch  3 : Train Loss 0.001314
Epoch  4 : Train Loss 0.000771
Epoch  5 : Train Loss 0.000400
Epoch  6 : Train Loss 0.000200 , Train acc 0.995700, Valid acc 0.976600
Epoch  7 : Train Loss 0.000088
Epoch  8 : Train Loss 0.000038
Epoch  1 : Train Loss 0.016955 , Train acc 0.112700, Valid acc 0.112600
Epoch  2 : Train Loss 0.003727
Epoch  3 : Train Loss 0.001269
Epoch  4 : Train Loss 0.000677
Epoch  5 : Train Loss 0.000350
Epoch  6 : Train Loss 0.000180 , Train acc 0.954300, Valid acc 0.930400
Epoch  7 : Train Loss 0.000084
Epoch  8 : Train Loss 0.000043
Epoch  1 : Train Loss 0.017684 , Train acc 0.112700, Valid acc 0.112600
Epoch  2 : Train Loss 0.003775
Epoch  3 : Train Loss 0.001352
Epoch  4 : Train Loss 0.000677
Epoch  5 : Train Loss 0.000415
Epoch  6 : Train Loss 0.000296 , Train acc 0.985700, Valid acc 0.966200
Epoch  7 : Train Loss 0.000220
Epoch  8 : Train Loss 0.000126
[-5.74293685  3.54424016 -3.66832156]
[9.25273272e-05 9.99170818e-01 7.36654740e-04]
[0. 0. 0.]
[[1 2 2 2]
 [1 2 2 2]
 [1 2 2 2]
 [1 2 2 2]
 [1 2 2 2]
 [1 2 2 2]
 [1 2 2 2]
 [1 2 2 2]]
[-18.65211437 -17.71109468  17.38162567]
[2.24256757e-16 5.74678829e-16 1.00000000e+00]
[0. 0. 0.]
[[1 2 2 2]
 [1 2 2 2]
 [1 2 2 2]
 [1 2 2 2]
 [1 2 2 2]
 [1 2 2 2]
 [1 2 2 2]
 [1 2 2 2]]
[-11.15465591  -9.23033714   9.09405622]
[1.60729670e-09 1.10107544e-08 9.99999987e-01]
[0. 0. 0.]
[[1 2 2 2]
 [1 2 2 2]
 [1 2 2 2]
 [1 2 2 2]
 [1 2 2 2]
 [1 2 2 2]
 [1 2 2 2]
 [1 2 2 2]]
[-17.13099413 -15.45925457  15.28705073]
[8.33723425e-15 4.43658970e-14 1.00000000e+00]
[0. 0. 0.]
[[1 2 2 2]
 [1 2 2 2]
 [1 2 2 2]
 [1 2 2 2]
 [1 2 2 2]
 [1 2 2 2]
 [1 2 2 2]
 [1 2 2 2]]
Epoch 10 : b_values [[9.25273272e-05 9.99170818e-01 7.36654740e-04]
 [2.24256757e-16 5.74678829e-16 1.00000000e+00]
 [1.60729670e-09 1.10107544e-08 9.99999987e-01]
 [8.33723425e-15 4.43658970e-14 1.00000000e+00]] 
Epoch  1 : Train Loss 0.017013 , Train acc 0.112700, Valid acc 0.112600
Epoch  2 : Train Loss 0.003551
Epoch  3 : Train Loss 0.001189
Epoch  4 : Train Loss 0.000625
Epoch  5 : Train Loss 0.000302
Epoch  6 : Train Loss 0.000172 , Train acc 0.949000, Valid acc 0.921800
Epoch  7 : Train Loss 0.000097
Epoch  8 : Train Loss 0.000043
Epoch  1 : Train Loss 0.016898 , Train acc 0.112700, Valid acc 0.112600
Epoch  2 : Train Loss 0.003452
Epoch  3 : Train Loss 0.001217
Epoch  4 : Train Loss 0.000612
Epoch  5 : Train Loss 0.000354
Epoch  6 : Train Loss 0.000172 , Train acc 0.965400, Valid acc 0.936600
Epoch  7 : Train Loss 0.000095
Epoch  8 : Train Loss 0.000037
Epoch  1 : Train Loss 0.017211 , Train acc 0.112700, Valid acc 0.112600
Epoch  2 : Train Loss 0.003529
Epoch  3 : Train Loss 0.001188
Epoch  4 : Train Loss 0.000616
Epoch  5 : Train Loss 0.000354
Epoch  6 : Train Loss 0.000174 , Train acc 0.983300, Valid acc 0.953000
Epoch  7 : Train Loss 0.000082
Epoch  8 : Train Loss 0.000035
Epoch  1 : Train Loss 0.016641 , Train acc 0.112700, Valid acc 0.112600
Epoch  2 : Train Loss 0.003532
Epoch  3 : Train Loss 0.001309
Epoch  4 : Train Loss 0.000659
Epoch  5 : Train Loss 0.000369
Epoch  6 : Train Loss 0.000188 , Train acc 0.963100, Valid acc 0.931400
Epoch  7 : Train Loss 0.000114
Epoch  8 : Train Loss 0.000062
Epoch  1 : Train Loss 0.017517 , Train acc 0.112700, Valid acc 0.112600
Epoch  2 : Train Loss 0.003551
Epoch  3 : Train Loss 0.001229
Epoch  4 : Train Loss 0.000610
Epoch  5 : Train Loss 0.000416
Epoch  6 : Train Loss 0.000203 , Train acc 0.979300, Valid acc 0.961400
Epoch  7 : Train Loss 0.000095
Epoch  8 : Train Loss 0.000041
Epoch  1 : Train Loss 0.017200 , Train acc 0.112700, Valid acc 0.112600
Epoch  2 : Train Loss 0.003619
Epoch  3 : Train Loss 0.001225
Epoch  4 : Train Loss 0.000596
Epoch  5 : Train Loss 0.000340
Epoch  6 : Train Loss 0.000143 , Train acc 0.991300, Valid acc 0.968600
Epoch  7 : Train Loss 0.000064
Epoch  8 : Train Loss 0.000032
Epoch  1 : Train Loss 0.017404 , Train acc 0.112700, Valid acc 0.112600
Epoch  2 : Train Loss 0.003471
Epoch  3 : Train Loss 0.001256
Epoch  4 : Train Loss 0.000678
Epoch  5 : Train Loss 0.000479
Epoch  6 : Train Loss 0.000243 , Train acc 0.983400, Valid acc 0.962600
Epoch  7 : Train Loss 0.000110
Epoch  8 : Train Loss 0.000051
Epoch  1 : Train Loss 0.016609 , Train acc 0.112700, Valid acc 0.112600
Epoch  2 : Train Loss 0.003464
Epoch  3 : Train Loss 0.001329
Epoch  4 : Train Loss 0.000668
Epoch  5 : Train Loss 0.000386
Epoch  6 : Train Loss 0.000189 , Train acc 0.995100, Valid acc 0.979200
Epoch  7 : Train Loss 0.000084
Epoch  8 : Train Loss 0.000040
[-9.287914    7.09424128 -7.21265432]
[7.67927223e-08 9.99999311e-01 6.11778050e-07]
[0. 0. 0.]
[[1 2 2 2]
 [1 2 2 2]
 [1 2 2 2]
 [1 2 2 2]
 [1 2 2 2]
 [1 2 2 2]
 [1 2 2 2]
 [1 2 2 2]]
[-36.03374004 -35.09272035  34.65735903]
[1.99180012e-31 5.10417334e-31 1.00000000e+00]
[0. 0. 0.]
[[1 2 2 2]
 [1 2 2 2]
 [1 2 2 2]
 [1 2 2 2]
 [1 2 2 2]
 [1 2 2 2]
 [1 2 2 2]
 [1 2 2 2]]
[-20.24871213 -18.32439335  18.18813741]
[2.02809521e-17 1.38934265e-16 1.00000000e+00]
[0. 0. 0.]
[[1 2 2 2]
 [1 2 2 2]
 [1 2 2 2]
 [1 2 2 2]
 [1 2 2 2]
 [1 2 2 2]
 [1 2 2 2]
 [1 2 2 2]]
[-32.41804486 -30.74630531  30.57138272]
[4.40594616e-28 2.34458752e-27 1.00000000e+00]
[0. 0. 0.]
[[1 2 2 2]
 [1 2 2 2]
 [1 2 2 2]
 [1 2 2 2]
 [1 2 2 2]
 [1 2 2 2]
 [1 2 2 2]
 [1 2 2 2]]
Epoch 11 : b_values [[7.67927223e-08 9.99999311e-01 6.11778050e-07]
 [1.99180012e-31 5.10417334e-31 1.00000000e+00]
 [2.02809521e-17 1.38934265e-16 1.00000000e+00]
 [4.40594616e-28 2.34458752e-27 1.00000000e+00]] 
Epoch  1 : Train Loss 0.017442 , Train acc 0.112700, Valid acc 0.112600
Epoch  2 : Train Loss 0.003697
Epoch  3 : Train Loss 0.001306
Epoch  4 : Train Loss 0.000653
Epoch  5 : Train Loss 0.000375
Epoch  6 : Train Loss 0.000215 , Train acc 0.979600, Valid acc 0.953200
Epoch  7 : Train Loss 0.000130
Epoch  8 : Train Loss 0.000064
Epoch  1 : Train Loss 0.017948 , Train acc 0.112700, Valid acc 0.112600
Epoch  2 : Train Loss 0.004212
Epoch  3 : Train Loss 0.001437
Epoch  4 : Train Loss 0.000719
Epoch  5 : Train Loss 0.000349
Epoch  6 : Train Loss 0.000175 , Train acc 0.986200, Valid acc 0.959400
Epoch  7 : Train Loss 0.000062
Epoch  8 : Train Loss 0.000030
Epoch  1 : Train Loss 0.017766 , Train acc 0.112700, Valid acc 0.112600
Epoch  2 : Train Loss 0.003652
Epoch  3 : Train Loss 0.001301
Epoch  4 : Train Loss 0.000683
Epoch  5 : Train Loss 0.000458
Epoch  6 : Train Loss 0.000194 , Train acc 0.961800, Valid acc 0.938200
Epoch  7 : Train Loss 0.000092
Epoch  8 : Train Loss 0.000041
Epoch  1 : Train Loss 0.017783 , Train acc 0.112700, Valid acc 0.112600
Epoch  2 : Train Loss 0.003915
Epoch  3 : Train Loss 0.001329
Epoch  4 : Train Loss 0.000708
Epoch  5 : Train Loss 0.000360
Epoch  6 : Train Loss 0.000188 , Train acc 0.990900, Valid acc 0.971200
Epoch  7 : Train Loss 0.000084
Epoch  8 : Train Loss 0.000037
Epoch  1 : Train Loss 0.017301 , Train acc 0.112700, Valid acc 0.112600
Epoch  2 : Train Loss 0.003708
Epoch  3 : Train Loss 0.001346
Epoch  4 : Train Loss 0.000664
Epoch  5 : Train Loss 0.000339
Epoch  6 : Train Loss 0.000186 , Train acc 0.995100, Valid acc 0.972200
Epoch  7 : Train Loss 0.000085
Epoch  8 : Train Loss 0.000043
Epoch  1 : Train Loss 0.017456 , Train acc 0.112700, Valid acc 0.112600
Epoch  2 : Train Loss 0.003855
Epoch  3 : Train Loss 0.001289
Epoch  4 : Train Loss 0.000669
Epoch  5 : Train Loss 0.000445
Epoch  6 : Train Loss 0.000246 , Train acc 0.978500, Valid acc 0.955800
Epoch  7 : Train Loss 0.000114
Epoch  8 : Train Loss 0.000050
Epoch  1 : Train Loss 0.017837 , Train acc 0.112700, Valid acc 0.112600
Epoch  2 : Train Loss 0.004344
Epoch  3 : Train Loss 0.001495
Epoch  4 : Train Loss 0.000774
Epoch  5 : Train Loss 0.000466
Epoch  6 : Train Loss 0.000287 , Train acc 0.951400, Valid acc 0.928400
Epoch  7 : Train Loss 0.000141
Epoch  8 : Train Loss 0.000056
Epoch  1 : Train Loss 0.017574 , Train acc 0.112700, Valid acc 0.112600
Epoch  2 : Train Loss 0.003491
Epoch  3 : Train Loss 0.001280
Epoch  4 : Train Loss 0.000647
Epoch  5 : Train Loss 0.000371
Epoch  6 : Train Loss 0.000213 , Train acc 0.985700, Valid acc 0.962200
Epoch  7 : Train Loss 0.000101
Epoch  8 : Train Loss 0.000048
[-16.38215589  14.18864704 -14.30689567]
[5.28772646e-14 1.00000000e+00 4.21253032e-13]
[0. 0. 0.]
[[1 2 2 2]
 [1 2 2 2]
 [1 2 2 2]
 [1 2 2 2]
 [1 2 2 2]
 [1 2 2 2]
 [1 2 2 2]
 [1 2 2 2]]
[-70.69109907 -69.75007938          inf]
[ 0.  0. nan]
[0. 0. 0.]
[[1 2 2 2]
 [1 2 2 2]
 [1 2 2 2]
 [1 2 2 2]
 [1 2 2 2]
 [1 2 2 2]
 [1 2 2 2]
 [1 2 2 2]]
[-38.43684955 -36.51253077  36.04365339]
[4.5032760e-33 3.0849604e-32 1.0000000e+00]
[0. 0. 0.]
[[1 2 2 2]
 [1 2 2 2]
 [1 2 2 2]
 [1 2 2 2]
 [1 2 2 2]
 [1 2 2 2]
 [1 2 2 2]
 [1 2 2 2]]
[-62.98942757 -61.31768802          inf]
[ 0.  0. nan]
[0. 0. 0.]
[[1 2 2 2]
 [1 2 2 2]
 [1 2 2 2]
 [1 2 2 2]
 [1 2 2 2]
 [1 2 2 2]
 [1 2 2 2]
 [1 2 2 2]]
Epoch 12 : b_values [[5.28772646e-14 1.00000000e+00 4.21253032e-13]
 [           nan            nan            nan]
 [4.50327600e-33 3.08496040e-32 1.00000000e+00]
 [           nan            nan            nan]] 
