Running GPU.
Epoch 0 : b_values [[0.33333333 0.33333333 0.33333333]
 [0.33333333 0.33333333 0.33333333]
 [0.33333333 0.33333333 0.33333333]
 [0.33333333 0.33333333 0.33333333]] 
Epoch  1 : Train Loss 0.167008 , Train acc 0.723500, Valid acc 0.705000
Epoch  2 : Train Loss 0.021735
Epoch  3 : Train Loss 0.011878
Epoch  4 : Train Loss 0.005399
Epoch  5 : Train Loss 0.002219
Epoch  6 : Train Loss 0.001103 , Train acc 0.996700, Valid acc 0.983000
Epoch  7 : Train Loss 0.000432
Epoch  8 : Train Loss 0.000201
Epoch  1 : Train Loss 0.159151 , Train acc 0.793200, Valid acc 0.766000
Epoch  2 : Train Loss 0.024597
Epoch  3 : Train Loss 0.011961
Epoch  4 : Train Loss 0.006100
Epoch  5 : Train Loss 0.005832
Epoch  6 : Train Loss 0.004559 , Train acc 0.966700, Valid acc 0.949200
Epoch  7 : Train Loss 0.002191
Epoch  8 : Train Loss 0.001793
Epoch  1 : Train Loss 0.165316 , Train acc 0.736200, Valid acc 0.700600
Epoch  2 : Train Loss 0.024264
Epoch  3 : Train Loss 0.010498
Epoch  4 : Train Loss 0.006267
Epoch  5 : Train Loss 0.003127
Epoch  6 : Train Loss 0.001596 , Train acc 0.997300, Valid acc 0.981600
Epoch  7 : Train Loss 0.000591
Epoch  8 : Train Loss 0.000250
Epoch  1 : Train Loss 0.149580 , Train acc 0.713300, Valid acc 0.675200
Epoch  2 : Train Loss 0.024070
Epoch  3 : Train Loss 0.010650
Epoch  4 : Train Loss 0.005241
Epoch  5 : Train Loss 0.003167
Epoch  6 : Train Loss 0.001727 , Train acc 0.995200, Valid acc 0.979600
Epoch  7 : Train Loss 0.000831
Epoch  8 : Train Loss 0.000632
Epoch  1 : Train Loss 0.168046 , Train acc 0.635200, Valid acc 0.626200
Epoch  2 : Train Loss 0.024827
Epoch  3 : Train Loss 0.011951
Epoch  4 : Train Loss 0.005512
Epoch  5 : Train Loss 0.004012
Epoch  6 : Train Loss 0.002206 , Train acc 0.983200, Valid acc 0.957800
Epoch  7 : Train Loss 0.001644
Epoch  8 : Train Loss 0.000727
Epoch  1 : Train Loss 0.178908 , Train acc 0.633800, Valid acc 0.613000
Epoch  2 : Train Loss 0.024818
Epoch  3 : Train Loss 0.011085
Epoch  4 : Train Loss 0.005808
Epoch  5 : Train Loss 0.003165
Epoch  6 : Train Loss 0.001292 , Train acc 0.996500, Valid acc 0.975800
Epoch  7 : Train Loss 0.000719
Epoch  8 : Train Loss 0.000342
Epoch  1 : Train Loss 0.153167 , Train acc 0.678200, Valid acc 0.656600
Epoch  2 : Train Loss 0.021917
Epoch  3 : Train Loss 0.011273
Epoch  4 : Train Loss 0.005608
Epoch  5 : Train Loss 0.003091
Epoch  6 : Train Loss 0.001392 , Train acc 0.999100, Valid acc 0.982600
Epoch  7 : Train Loss 0.000574
Epoch  8 : Train Loss 0.000223
Epoch  1 : Train Loss 0.183308 , Train acc 0.763000, Valid acc 0.742600
Epoch  2 : Train Loss 0.025464
Epoch  3 : Train Loss 0.010991
Epoch  4 : Train Loss 0.005591
Epoch  5 : Train Loss 0.003354
Epoch  6 : Train Loss 0.002025 , Train acc 0.978800, Valid acc 0.960800
Epoch  7 : Train Loss 0.001222
Epoch  8 : Train Loss 0.000716
[-0.69314718 -0.69314718 -0.69314718]
[0.33333333 0.33333333 0.33333333]
[0. 0. 0.]
[[0 1 2 0]
 [2 2 2 2]
 [0 2 2 0]
 [2 1 1 1]
 [0 0 2 0]
 [2 0 1 0]
 [2 1 0 1]
 [0 1 0 0]]
[-0.69314718 -0.69314718 -0.69314718]
[0.33333333 0.33333333 0.33333333]
[0. 0. 0.]
[[0 1 2 0]
 [2 2 2 2]
 [0 2 2 0]
 [2 1 1 1]
 [0 0 2 0]
 [2 0 1 0]
 [2 1 0 1]
 [0 1 0 0]]
[-0.69314718 -0.69314718 -0.69314718]
[0.33333333 0.33333333 0.33333333]
[0. 0. 0.]
[[0 1 2 0]
 [2 2 2 2]
 [0 2 2 0]
 [2 1 1 1]
 [0 0 2 0]
 [2 0 1 0]
 [2 1 0 1]
 [0 1 0 0]]
[-0.69314718 -0.69314718 -0.69314718]
[0.33333333 0.33333333 0.33333333]
[0. 0. 0.]
[[0 1 2 0]
 [2 2 2 2]
 [0 2 2 0]
 [2 1 1 1]
 [0 0 2 0]
 [2 0 1 0]
 [2 1 0 1]
 [0 1 0 0]]
Epoch 1 : b_values [[0.35856434 0.33271202 0.30872364]
 [0.33909294 0.36401276 0.2968943 ]
 [0.34600451 0.34428918 0.30970631]
 [0.3701501  0.34807989 0.28177001]] 
Epoch  1 : Train Loss 0.179778 , Train acc 0.483300, Valid acc 0.463800
Epoch  2 : Train Loss 0.024117
Epoch  3 : Train Loss 0.012635
Epoch  4 : Train Loss 0.006833
Epoch  5 : Train Loss 0.003685
Epoch  6 : Train Loss 0.001930 , Train acc 0.997300, Valid acc 0.977800
Epoch  7 : Train Loss 0.001071
Epoch  8 : Train Loss 0.000652
Epoch  1 : Train Loss 0.144184 , Train acc 0.668200, Valid acc 0.653800
Epoch  2 : Train Loss 0.024056
Epoch  3 : Train Loss 0.009599
Epoch  4 : Train Loss 0.006170
Epoch  5 : Train Loss 0.003219
Epoch  6 : Train Loss 0.002510 , Train acc 0.990600, Valid acc 0.973200
Epoch  7 : Train Loss 0.002064
Epoch  8 : Train Loss 0.001272
Epoch  1 : Train Loss 0.138455 , Train acc 0.741000, Valid acc 0.697800
Epoch  2 : Train Loss 0.023167
Epoch  3 : Train Loss 0.008342
Epoch  4 : Train Loss 0.004810
Epoch  5 : Train Loss 0.002284
Epoch  6 : Train Loss 0.001315 , Train acc 0.994500, Valid acc 0.971600
Epoch  7 : Train Loss 0.000736
Epoch  8 : Train Loss 0.000258
Epoch  1 : Train Loss 0.171703 , Train acc 0.479300, Valid acc 0.465800
Epoch  2 : Train Loss 0.023967
Epoch  3 : Train Loss 0.012000
Epoch  4 : Train Loss 0.006828
Epoch  5 : Train Loss 0.003467
Epoch  6 : Train Loss 0.001799 , Train acc 0.991100, Valid acc 0.969400
Epoch  7 : Train Loss 0.000778
Epoch  8 : Train Loss 0.000562
Epoch  1 : Train Loss 0.169301 , Train acc 0.574400, Valid acc 0.559200
Epoch  2 : Train Loss 0.022155
Epoch  3 : Train Loss 0.010337
Epoch  4 : Train Loss 0.005791
Epoch  5 : Train Loss 0.002799
Epoch  6 : Train Loss 0.001458 , Train acc 0.991400, Valid acc 0.975400
Epoch  7 : Train Loss 0.001111
Epoch  8 : Train Loss 0.000543
Epoch  1 : Train Loss 0.137580 , Train acc 0.559400, Valid acc 0.527400
Epoch  2 : Train Loss 0.024882
Epoch  3 : Train Loss 0.010327
Epoch  4 : Train Loss 0.004706
Epoch  5 : Train Loss 0.002542
Epoch  6 : Train Loss 0.001808 , Train acc 0.988900, Valid acc 0.967200
Epoch  7 : Train Loss 0.000952
Epoch  8 : Train Loss 0.000529
Epoch  1 : Train Loss 0.179936 , Train acc 0.619400, Valid acc 0.589400
Epoch  2 : Train Loss 0.023599
Epoch  3 : Train Loss 0.010878
Epoch  4 : Train Loss 0.005890
Epoch  5 : Train Loss 0.003879
Epoch  6 : Train Loss 0.002813 , Train acc 0.986900, Valid acc 0.964200
Epoch  7 : Train Loss 0.001755
Epoch  8 : Train Loss 0.001582
Epoch  1 : Train Loss 0.176141 , Train acc 0.740400, Valid acc 0.722800
Epoch  2 : Train Loss 0.023728
Epoch  3 : Train Loss 0.012364
Epoch  4 : Train Loss 0.006378
Epoch  5 : Train Loss 0.003451
Epoch  6 : Train Loss 0.001613 , Train acc 0.989600, Valid acc 0.969400
Epoch  7 : Train Loss 0.000958
Epoch  8 : Train Loss 0.000770
[-0.58160079 -0.69594439 -0.80609316]
[0.37162659 0.33147287 0.29690054]
[0. 0. 0.]
[[2 2 0 0]
 [2 2 0 2]
 [1 2 0 2]
 [1 1 1 0]
 [1 0 2 0]
 [1 0 0 2]
 [1 2 1 0]
 [0 2 0 0]]
[-0.66733898 -0.55798958 -0.86213106]
[0.34030299 0.3796257  0.28007132]
[0. 0. 0.]
[[2 2 0 0]
 [2 2 0 2]
 [1 2 0 2]
 [1 1 1 0]
 [1 0 2 0]
 [1 0 0 2]
 [1 2 1 0]
 [0 2 0 0]]
[-0.63664863 -0.64423792 -0.8014927 ]
[0.35205499 0.34939325 0.29855176]
[0. 0. 0.]
[[2 2 0 0]
 [2 2 0 2]
 [1 2 0 2]
 [1 1 1 0]
 [1 0 2 0]
 [1 0 0 2]
 [1 2 1 0]
 [0 2 0 0]]
[-0.53157294 -0.62748999 -0.93569868]
[0.38818376 0.35268023 0.25913602]
[0. 0. 0.]
[[2 2 0 0]
 [2 2 0 2]
 [1 2 0 2]
 [1 1 1 0]
 [1 0 2 0]
 [1 0 0 2]
 [1 2 1 0]
 [0 2 0 0]]
Epoch 2 : b_values [[0.37116142 0.34497301 0.28386557]
 [0.35631493 0.38604906 0.257636  ]
 [0.36598907 0.32776683 0.3062441 ]
 [0.37915964 0.35325525 0.26758511]] 
Epoch  1 : Train Loss 0.144994 , Train acc 0.846700, Valid acc 0.817200
Epoch  2 : Train Loss 0.022765
Epoch  3 : Train Loss 0.009665
Epoch  4 : Train Loss 0.004899
Epoch  5 : Train Loss 0.002052
Epoch  6 : Train Loss 0.001105 , Train acc 0.996100, Valid acc 0.980200
Epoch  7 : Train Loss 0.000669
Epoch  8 : Train Loss 0.000356
Epoch  1 : Train Loss 0.141823 , Train acc 0.527300, Valid acc 0.508400
Epoch  2 : Train Loss 0.021957
Epoch  3 : Train Loss 0.009793
Epoch  4 : Train Loss 0.005018
Epoch  5 : Train Loss 0.002740
Epoch  6 : Train Loss 0.001376 , Train acc 0.992800, Valid acc 0.968800
Epoch  7 : Train Loss 0.001331
Epoch  8 : Train Loss 0.000900
Epoch  1 : Train Loss 0.150517 , Train acc 0.590900, Valid acc 0.559600
Epoch  2 : Train Loss 0.023821
Epoch  3 : Train Loss 0.010080
Epoch  4 : Train Loss 0.004663
Epoch  5 : Train Loss 0.002253
Epoch  6 : Train Loss 0.001531 , Train acc 0.990400, Valid acc 0.970000
Epoch  7 : Train Loss 0.001025
Epoch  8 : Train Loss 0.000586
Epoch  1 : Train Loss 0.148859 , Train acc 0.736600, Valid acc 0.709000
Epoch  2 : Train Loss 0.022064
Epoch  3 : Train Loss 0.009748
Epoch  4 : Train Loss 0.006977
Epoch  5 : Train Loss 0.003702
Epoch  6 : Train Loss 0.001437 , Train acc 0.996900, Valid acc 0.978600
Epoch  7 : Train Loss 0.000781
Epoch  8 : Train Loss 0.000575
Epoch  1 : Train Loss 0.146411 , Train acc 0.757200, Valid acc 0.719400
Epoch  2 : Train Loss 0.024296
Epoch  3 : Train Loss 0.010993
Epoch  4 : Train Loss 0.005779
Epoch  5 : Train Loss 0.004083
Epoch  6 : Train Loss 0.001824 , Train acc 0.995700, Valid acc 0.973200
Epoch  7 : Train Loss 0.001076
Epoch  8 : Train Loss 0.000859
Epoch  1 : Train Loss 0.184948 , Train acc 0.668000, Valid acc 0.650600
Epoch  2 : Train Loss 0.026866
Epoch  3 : Train Loss 0.014073
Epoch  4 : Train Loss 0.007921
Epoch  5 : Train Loss 0.004425
Epoch  6 : Train Loss 0.002810 , Train acc 0.992100, Valid acc 0.968800
Epoch  7 : Train Loss 0.002046
Epoch  8 : Train Loss 0.001167
Epoch  1 : Train Loss 0.186081 , Train acc 0.445500, Valid acc 0.436200
Epoch  2 : Train Loss 0.025199
Epoch  3 : Train Loss 0.012348
Epoch  4 : Train Loss 0.006737
Epoch  5 : Train Loss 0.004141
Epoch  6 : Train Loss 0.002667 , Train acc 0.982900, Valid acc 0.955000
Epoch  7 : Train Loss 0.001496
Epoch  8 : Train Loss 0.001130
Epoch  1 : Train Loss 0.150930 , Train acc 0.548800, Valid acc 0.514000
Epoch  2 : Train Loss 0.023465
Epoch  3 : Train Loss 0.010463
Epoch  4 : Train Loss 0.005133
Epoch  5 : Train Loss 0.003036
Epoch  6 : Train Loss 0.001752 , Train acc 0.997600, Valid acc 0.978600
Epoch  7 : Train Loss 0.000735
Epoch  8 : Train Loss 0.000396
[-0.52723753 -0.64121027 -0.92536711]
[0.39003731 0.34802338 0.26193931]
[0. 0. 0.]
[[0 0 2 1]
 [0 0 1 1]
 [1 2 1 1]
 [0 1 2 1]
 [0 1 1 1]
 [1 0 0 0]
 [1 1 0 0]
 [2 2 0 1]]
[-0.5913946  -0.46395055 -1.05829193]
[0.36194303 0.4111388  0.22691817]
[0. 0. 0.]
[[0 0 2 1]
 [0 0 1 1]
 [1 2 1 1]
 [0 1 2 1]
 [0 1 1 1]
 [1 0 0 0]
 [1 1 0 0]
 [2 2 0 1]]
[-0.54946272 -0.7183028  -0.81773767]
[0.38323846 0.32370005 0.29306149]
[0. 0. 0.]
[[0 0 2 1]
 [0 0 1 1]
 [1 2 1 1]
 [0 1 2 1]
 [0 1 1 1]
 [1 0 0 0]
 [1 1 0 0]
 [2 2 0 1]]
[-0.49311664 -0.60476083 -1.00690945]
[0.40118997 0.35880923 0.2400008 ]
[0. 0. 0.]
[[0 0 2 1]
 [0 0 1 1]
 [1 2 1 1]
 [0 1 2 1]
 [0 1 1 1]
 [1 0 0 0]
 [1 1 0 0]
 [2 2 0 1]]
Epoch 3 : b_values [[0.40201996 0.32440878 0.27357126]
 [0.35650086 0.39997769 0.24352145]
 [0.36614961 0.32023205 0.31361834]
 [0.3696104  0.39069573 0.23969387]] 
Epoch  1 : Train Loss 0.145903 , Train acc 0.394600, Valid acc 0.381600
Epoch  2 : Train Loss 0.019991
Epoch  3 : Train Loss 0.009618
Epoch  4 : Train Loss 0.005531
Epoch  5 : Train Loss 0.002828
Epoch  6 : Train Loss 0.001255 , Train acc 0.956200, Valid acc 0.931400
Epoch  7 : Train Loss 0.001282
Epoch  8 : Train Loss 0.000916
Epoch  1 : Train Loss 0.177678 , Train acc 0.658700, Valid acc 0.637400
Epoch  2 : Train Loss 0.021722
Epoch  3 : Train Loss 0.009747
Epoch  4 : Train Loss 0.005806
Epoch  5 : Train Loss 0.004232
Epoch  6 : Train Loss 0.002208 , Train acc 0.995300, Valid acc 0.971800
Epoch  7 : Train Loss 0.001038
Epoch  8 : Train Loss 0.000690
Epoch  1 : Train Loss 0.143217 , Train acc 0.720000, Valid acc 0.707200
Epoch  2 : Train Loss 0.021722
Epoch  3 : Train Loss 0.011604
Epoch  4 : Train Loss 0.005589
Epoch  5 : Train Loss 0.002724
Epoch  6 : Train Loss 0.001098 , Train acc 0.992900, Valid acc 0.969400
Epoch  7 : Train Loss 0.001203
Epoch  8 : Train Loss 0.001233
Epoch  1 : Train Loss 0.151631 , Train acc 0.744600, Valid acc 0.707800
Epoch  2 : Train Loss 0.023202
Epoch  3 : Train Loss 0.009463
Epoch  4 : Train Loss 0.004650
Epoch  5 : Train Loss 0.003510
Epoch  6 : Train Loss 0.001330 , Train acc 0.995600, Valid acc 0.975000
Epoch  7 : Train Loss 0.000732
Epoch  8 : Train Loss 0.000565
Epoch  1 : Train Loss 0.148726 , Train acc 0.672600, Valid acc 0.639600
Epoch  2 : Train Loss 0.024223
Epoch  3 : Train Loss 0.010983
Epoch  4 : Train Loss 0.005385
Epoch  5 : Train Loss 0.003409
Epoch  6 : Train Loss 0.002590 , Train acc 0.989700, Valid acc 0.968400
Epoch  7 : Train Loss 0.001436
Epoch  8 : Train Loss 0.000737
Epoch  1 : Train Loss 0.146966 , Train acc 0.782800, Valid acc 0.756600
Epoch  2 : Train Loss 0.022055
Epoch  3 : Train Loss 0.010750
Epoch  4 : Train Loss 0.006297
Epoch  5 : Train Loss 0.003730
Epoch  6 : Train Loss 0.002249 , Train acc 0.995200, Valid acc 0.973800
Epoch  7 : Train Loss 0.001094
Epoch  8 : Train Loss 0.000562
Epoch  1 : Train Loss 0.143419 , Train acc 0.655600, Valid acc 0.643200
Epoch  2 : Train Loss 0.020964
Epoch  3 : Train Loss 0.010836
Epoch  4 : Train Loss 0.004927
Epoch  5 : Train Loss 0.002398
Epoch  6 : Train Loss 0.001214 , Train acc 0.991600, Valid acc 0.970400
Epoch  7 : Train Loss 0.000821
Epoch  8 : Train Loss 0.000413
Epoch  1 : Train Loss 0.134682 , Train acc 0.772700, Valid acc 0.750200
Epoch  2 : Train Loss 0.022893
Epoch  3 : Train Loss 0.009816
Epoch  4 : Train Loss 0.004791
Epoch  5 : Train Loss 0.002786
Epoch  6 : Train Loss 0.001486 , Train acc 0.995500, Valid acc 0.975200
Epoch  7 : Train Loss 0.001089
Epoch  8 : Train Loss 0.000466
[-0.39705563 -0.73358382 -0.97657824]
[0.43967418 0.31403541 0.2462904 ]
[0. 0. 0.]
[[1 0 2 1]
 [2 1 2 0]
 [2 0 1 1]
 [2 0 2 1]
 [1 2 2 2]
 [0 0 0 1]
 [0 0 1 1]
 [1 2 0 2]]
[-0.59058405 -0.40555806 -1.13346914]
[0.35915424 0.43215223 0.20869353]
[0. 0. 0.]
[[1 0 2 1]
 [2 1 2 0]
 [2 0 1 1]
 [2 0 2 1]
 [1 2 2 2]
 [0 0 0 1]
 [0 0 1 1]
 [1 2 0 2]]
[-0.54877091 -0.75270561 -0.78325706]
[0.3836573  0.31287852 0.30346417]
[0. 0. 0.]
[[1 0 2 1]
 [2 1 2 0]
 [2 0 1 1]
 [2 0 2 1]
 [1 2 2 2]
 [0 0 0 1]
 [0 0 1 1]
 [1 2 0 2]]
[-0.53388857 -0.44438869 -1.15435857]
[0.38003756 0.41561941 0.20434303]
[0. 0. 0.]
[[1 0 2 1]
 [2 1 2 0]
 [2 0 1 1]
 [2 0 2 1]
 [1 2 2 2]
 [0 0 0 1]
 [0 0 1 1]
 [1 2 0 2]]
Epoch 4 : b_values [[0.45628283 0.31143104 0.23228614]
 [0.35173111 0.43336632 0.21490257]
 [0.39875354 0.30276781 0.29847865]
 [0.3813458  0.40808177 0.21057243]] 
Epoch  1 : Train Loss 0.173725 , Train acc 0.820900, Valid acc 0.784600
Epoch  2 : Train Loss 0.023678
Epoch  3 : Train Loss 0.012338
Epoch  4 : Train Loss 0.006249
Epoch  5 : Train Loss 0.003233
Epoch  6 : Train Loss 0.001608 , Train acc 0.992600, Valid acc 0.972800
Epoch  7 : Train Loss 0.000872
Epoch  8 : Train Loss 0.000527
Epoch  1 : Train Loss 0.166000 , Train acc 0.797500, Valid acc 0.762600
Epoch  2 : Train Loss 0.021906
Epoch  3 : Train Loss 0.010236
Epoch  4 : Train Loss 0.005784
Epoch  5 : Train Loss 0.002690
Epoch  6 : Train Loss 0.001632 , Train acc 0.980600, Valid acc 0.959000
Epoch  7 : Train Loss 0.000833
Epoch  8 : Train Loss 0.000449
Epoch  1 : Train Loss 0.166602 , Train acc 0.763400, Valid acc 0.733600
Epoch  2 : Train Loss 0.024779
Epoch  3 : Train Loss 0.009894
Epoch  4 : Train Loss 0.005212
Epoch  5 : Train Loss 0.002709
Epoch  6 : Train Loss 0.001260 , Train acc 0.997600, Valid acc 0.980200
Epoch  7 : Train Loss 0.000876
Epoch  8 : Train Loss 0.000684
Epoch  1 : Train Loss 0.133856 , Train acc 0.789600, Valid acc 0.764400
Epoch  2 : Train Loss 0.025199
Epoch  3 : Train Loss 0.009982
Epoch  4 : Train Loss 0.004921
Epoch  5 : Train Loss 0.003075
Epoch  6 : Train Loss 0.001964 , Train acc 0.992400, Valid acc 0.976600
Epoch  7 : Train Loss 0.000921
Epoch  8 : Train Loss 0.001100
Epoch  1 : Train Loss 0.152842 , Train acc 0.494100, Valid acc 0.475800
Epoch  2 : Train Loss 0.021293
Epoch  3 : Train Loss 0.009726
Epoch  4 : Train Loss 0.004799
Epoch  5 : Train Loss 0.002112
Epoch  6 : Train Loss 0.001228 , Train acc 0.998600, Valid acc 0.979000
Epoch  7 : Train Loss 0.000646
Epoch  8 : Train Loss 0.000358
Epoch  1 : Train Loss 0.133055 , Train acc 0.721500, Valid acc 0.708400
Epoch  2 : Train Loss 0.021034
Epoch  3 : Train Loss 0.010462
Epoch  4 : Train Loss 0.004888
Epoch  5 : Train Loss 0.002506
Epoch  6 : Train Loss 0.001215 , Train acc 0.998900, Valid acc 0.979400
Epoch  7 : Train Loss 0.000575
Epoch  8 : Train Loss 0.000256
Epoch  1 : Train Loss 0.189038 , Train acc 0.369600, Valid acc 0.366400
Epoch  2 : Train Loss 0.027411
Epoch  3 : Train Loss 0.012950
Epoch  4 : Train Loss 0.006569
Epoch  5 : Train Loss 0.004057
Epoch  6 : Train Loss 0.001834 , Train acc 0.979100, Valid acc 0.951800
Epoch  7 : Train Loss 0.001143
Epoch  8 : Train Loss 0.000705
Epoch  1 : Train Loss 0.144266 , Train acc 0.592200, Valid acc 0.585200
Epoch  2 : Train Loss 0.022565
Epoch  3 : Train Loss 0.011961
Epoch  4 : Train Loss 0.005521
Epoch  5 : Train Loss 0.002743
Epoch  6 : Train Loss 0.001202 , Train acc 0.998500, Valid acc 0.984200
Epoch  7 : Train Loss 0.000760
Epoch  8 : Train Loss 0.000447
[-0.17531635 -0.79343756 -1.19544713]
[0.52645326 0.28373518 0.18981156]
[0. 0. 0.]
[[0 2 2 0]
 [0 1 1 0]
 [2 0 2 0]
 [0 0 2 2]
 [1 0 0 1]
 [0 0 0 2]
 [2 2 0 0]
 [0 0 0 1]]
[-0.61143859 -0.26812965 -1.29562304]
[0.34315845 0.48371759 0.17312396]
[0. 0. 0.]
[[0 2 2 0]
 [0 1 1 0]
 [2 0 2 0]
 [0 0 2 2]
 [1 0 0 1]
 [0 0 0 2]
 [2 2 0 0]
 [0 0 0 1]]
[-0.41066139 -0.83415228 -0.85455295]
[0.43548466 0.28513669 0.27937865]
[0. 0. 0.]
[[0 2 2 0]
 [0 1 1 0]
 [2 0 2 0]
 [0 0 2 2]
 [1 0 0 1]
 [0 0 0 2]
 [2 2 0 0]
 [0 0 0 1]]
[-0.4838399  -0.37190092 -1.32147842]
[0.39197612 0.43840358 0.1696203 ]
[0. 0. 0.]
[[0 2 2 0]
 [0 1 1 0]
 [2 0 2 0]
 [0 0 2 2]
 [1 0 0 1]
 [0 0 0 2]
 [2 2 0 0]
 [0 0 0 1]]
Epoch 5 : b_values [[0.52726233 0.29213641 0.18060126]
 [0.34149146 0.48896287 0.16954568]
 [0.4600912  0.28837442 0.25153438]
 [0.38433973 0.45384478 0.16181549]] 
Epoch  1 : Train Loss 0.166209 , Train acc 0.421400, Valid acc 0.391200
Epoch  2 : Train Loss 0.024859
Epoch  3 : Train Loss 0.011255
Epoch  4 : Train Loss 0.006045
Epoch  5 : Train Loss 0.003219
Epoch  6 : Train Loss 0.002121 , Train acc 0.991700, Valid acc 0.970400
Epoch  7 : Train Loss 0.001493
Epoch  8 : Train Loss 0.000657
Epoch  1 : Train Loss 0.171741 , Train acc 0.513700, Valid acc 0.495200
Epoch  2 : Train Loss 0.024219
Epoch  3 : Train Loss 0.011280
Epoch  4 : Train Loss 0.004871
Epoch  5 : Train Loss 0.002611
Epoch  6 : Train Loss 0.001385 , Train acc 0.999000, Valid acc 0.985600
Epoch  7 : Train Loss 0.000785
Epoch  8 : Train Loss 0.000461
Epoch  1 : Train Loss 0.131093 , Train acc 0.806100, Valid acc 0.793000
Epoch  2 : Train Loss 0.020461
Epoch  3 : Train Loss 0.009502
Epoch  4 : Train Loss 0.003896
Epoch  5 : Train Loss 0.002053
Epoch  6 : Train Loss 0.000882 , Train acc 0.997700, Valid acc 0.979400
Epoch  7 : Train Loss 0.000431
Epoch  8 : Train Loss 0.000149
Epoch  1 : Train Loss 0.141754 , Train acc 0.687000, Valid acc 0.663400
Epoch  2 : Train Loss 0.021741
Epoch  3 : Train Loss 0.009192
Epoch  4 : Train Loss 0.004617
Epoch  5 : Train Loss 0.002543
Epoch  6 : Train Loss 0.001771 , Train acc 0.998500, Valid acc 0.979600
Epoch  7 : Train Loss 0.001193
Epoch  8 : Train Loss 0.000426
Epoch  1 : Train Loss 0.148034 , Train acc 0.531300, Valid acc 0.502400
Epoch  2 : Train Loss 0.022827
Epoch  3 : Train Loss 0.010768
Epoch  4 : Train Loss 0.005638
Epoch  5 : Train Loss 0.003315
Epoch  6 : Train Loss 0.002095 , Train acc 0.989000, Valid acc 0.963600
Epoch  7 : Train Loss 0.001640
Epoch  8 : Train Loss 0.001075
Epoch  1 : Train Loss 0.165476 , Train acc 0.761700, Valid acc 0.733200
Epoch  2 : Train Loss 0.025122
Epoch  3 : Train Loss 0.012879
Epoch  4 : Train Loss 0.006611
Epoch  5 : Train Loss 0.002838
Epoch  6 : Train Loss 0.001374 , Train acc 0.996700, Valid acc 0.981200
Epoch  7 : Train Loss 0.000710
Epoch  8 : Train Loss 0.000427
Epoch  1 : Train Loss 0.142184 , Train acc 0.441200, Valid acc 0.417800
Epoch  2 : Train Loss 0.025393
Epoch  3 : Train Loss 0.011001
Epoch  4 : Train Loss 0.005322
Epoch  5 : Train Loss 0.003161
Epoch  6 : Train Loss 0.002036 , Train acc 0.981700, Valid acc 0.961000
Epoch  7 : Train Loss 0.001677
Epoch  8 : Train Loss 0.000716
Epoch  1 : Train Loss 0.148695 , Train acc 0.713900, Valid acc 0.690000
Epoch  2 : Train Loss 0.025376
Epoch  3 : Train Loss 0.009502
Epoch  4 : Train Loss 0.006252
Epoch  5 : Train Loss 0.003485
Epoch  6 : Train Loss 0.001801 , Train acc 0.987800, Valid acc 0.962400
Epoch  7 : Train Loss 0.000765
Epoch  8 : Train Loss 0.000457
[ 0.10915758 -0.88503057 -1.51227919]
[0.63790225 0.23603897 0.12605878]
[0. 0. 0.]
[[1 1 2 0]
 [0 0 1 0]
 [0 0 1 2]
 [0 1 1 2]
 [1 1 0 1]
 [1 1 1 0]
 [1 1 0 2]
 [2 0 1 1]]
[-0.65665484 -0.04415571 -1.58885054]
[0.30876348 0.56967993 0.12155658]
[0. 0. 0.]
[[1 1 2 0]
 [0 0 1 0]
 [0 0 1 2]
 [0 1 1 2]
 [1 1 0 1]
 [1 1 1 0]
 [1 1 0 2]
 [2 0 1 1]]
[-0.1599755  -0.90329218 -1.09044561]
[0.53478728 0.25430959 0.21090313]
[0. 0. 0.]
[[1 1 2 0]
 [0 0 1 0]
 [0 0 1 2]
 [0 1 1 2]
 [1 1 0 1]
 [1 1 1 0]
 [1 1 0 2]
 [2 0 1 1]]
[-0.47116842 -0.18514796 -1.64478155]
[0.37873519 0.50414187 0.11712294]
[0. 0. 0.]
[[1 1 2 0]
 [0 0 1 0]
 [0 0 1 2]
 [0 1 1 2]
 [1 1 0 1]
 [1 1 1 0]
 [1 1 0 2]
 [2 0 1 1]]
Epoch 6 : b_values [[0.66519778 0.20750796 0.12729426]
 [0.33864396 0.53956051 0.12179553]
 [0.49882424 0.29344497 0.20773079]
 [0.38808501 0.4848973  0.12701769]] 
Epoch  1 : Train Loss 0.147946 , Train acc 0.737700, Valid acc 0.707400
Epoch  2 : Train Loss 0.022669
Epoch  3 : Train Loss 0.010295
Epoch  4 : Train Loss 0.005584
Epoch  5 : Train Loss 0.002347
Epoch  6 : Train Loss 0.001022 , Train acc 0.998800, Valid acc 0.983000
Epoch  7 : Train Loss 0.000527
Epoch  8 : Train Loss 0.000311
Epoch  1 : Train Loss 0.146361 , Train acc 0.560400, Valid acc 0.534800
Epoch  2 : Train Loss 0.023110
Epoch  3 : Train Loss 0.011011
Epoch  4 : Train Loss 0.005216
Epoch  5 : Train Loss 0.002918
Epoch  6 : Train Loss 0.001482 , Train acc 0.996500, Valid acc 0.981800
Epoch  7 : Train Loss 0.000898
Epoch  8 : Train Loss 0.000571
Epoch  1 : Train Loss 0.152099 , Train acc 0.667100, Valid acc 0.641200
Epoch  2 : Train Loss 0.023740
Epoch  3 : Train Loss 0.011049
Epoch  4 : Train Loss 0.006512
Epoch  5 : Train Loss 0.005024
Epoch  6 : Train Loss 0.002864 , Train acc 0.984900, Valid acc 0.965600
Epoch  7 : Train Loss 0.001202
Epoch  8 : Train Loss 0.001176
Epoch  1 : Train Loss 0.137034 , Train acc 0.761900, Valid acc 0.725400
Epoch  2 : Train Loss 0.023512
Epoch  3 : Train Loss 0.008781
Epoch  4 : Train Loss 0.004362
Epoch  5 : Train Loss 0.002831
Epoch  6 : Train Loss 0.001776 , Train acc 0.996400, Valid acc 0.976400
Epoch  7 : Train Loss 0.001042
Epoch  8 : Train Loss 0.001465
Epoch  1 : Train Loss 0.140098 , Train acc 0.639100, Valid acc 0.618800
Epoch  2 : Train Loss 0.027977
Epoch  3 : Train Loss 0.011326
Epoch  4 : Train Loss 0.005924
Epoch  5 : Train Loss 0.003259
Epoch  6 : Train Loss 0.002127 , Train acc 0.998500, Valid acc 0.982000
Epoch  7 : Train Loss 0.001145
Epoch  8 : Train Loss 0.000475
Epoch  1 : Train Loss 0.172812 , Train acc 0.455600, Valid acc 0.438200
Epoch  2 : Train Loss 0.022959
Epoch  3 : Train Loss 0.009705
Epoch  4 : Train Loss 0.004484
Epoch  5 : Train Loss 0.002279
Epoch  6 : Train Loss 0.001751 , Train acc 0.993000, Valid acc 0.971200
Epoch  7 : Train Loss 0.001262
Epoch  8 : Train Loss 0.000763
Epoch  1 : Train Loss 0.144069 , Train acc 0.475200, Valid acc 0.461800
Epoch  2 : Train Loss 0.025013
Epoch  3 : Train Loss 0.011390
Epoch  4 : Train Loss 0.005918
Epoch  5 : Train Loss 0.003068
Epoch  6 : Train Loss 0.001365 , Train acc 0.994100, Valid acc 0.973400
Epoch  7 : Train Loss 0.000772
Epoch  8 : Train Loss 0.000506
Epoch  1 : Train Loss 0.149917 , Train acc 0.741400, Valid acc 0.722600
Epoch  2 : Train Loss 0.024280
Epoch  3 : Train Loss 0.010939
Epoch  4 : Train Loss 0.005468
Epoch  5 : Train Loss 0.002227
Epoch  6 : Train Loss 0.001400 , Train acc 0.982800, Valid acc 0.964400
Epoch  7 : Train Loss 0.000639
Epoch  8 : Train Loss 0.000284
[ 0.68654444 -1.34001275 -1.92509703]
[0.82973615 0.10934965 0.0609142 ]
[0. 0. 0.]
[[0 1 0 1]
 [0 0 0 1]
 [2 2 0 1]
 [0 1 1 2]
 [1 2 0 2]
 [0 2 1 0]
 [0 1 0 1]
 [2 1 2 1]]
[-0.66934304  0.1585735  -1.97553583]
[0.28094662 0.64295919 0.07609419]
[0. 0. 0.]
[[0 1 0 1]
 [0 0 0 1]
 [2 2 0 1]
 [0 1 1 2]
 [1 2 0 2]
 [0 2 1 0]
 [0 1 0 1]
 [2 1 2 1]]
[-0.00470305 -0.87871094 -1.33865831]
[0.59498698 0.24827367 0.15673935]
[0. 0. 0.]
[[0 1 0 1]
 [0 0 0 1]
 [2 2 0 1]
 [0 1 1 2]
 [1 2 0 2]
 [0 2 1 0]
 [0 1 0 1]
 [2 1 2 1]]
[-0.45536895 -0.0604292  -1.92758889]
[0.36849916 0.54696137 0.08453947]
[0. 0. 0.]
[[0 1 0 1]
 [0 0 0 1]
 [2 2 0 1]
 [0 1 1 2]
 [1 2 0 2]
 [0 2 1 0]
 [0 1 0 1]
 [2 1 2 1]]
Epoch 7 : b_values [[0.82647526 0.11331981 0.06020493]
 [0.28286084 0.64579178 0.07134738]
 [0.61252984 0.22105622 0.16641394]
 [0.35907989 0.5651204  0.07579971]] 
Epoch  1 : Train Loss 0.170955 , Train acc 0.649400, Valid acc 0.631800
Epoch  2 : Train Loss 0.023778
Epoch  3 : Train Loss 0.011084
Epoch  4 : Train Loss 0.006133
Epoch  5 : Train Loss 0.002648
Epoch  6 : Train Loss 0.001823 , Train acc 0.997700, Valid acc 0.981600
Epoch  7 : Train Loss 0.001071
Epoch  8 : Train Loss 0.000577
Epoch  1 : Train Loss 0.178802 , Train acc 0.623000, Valid acc 0.607000
Epoch  2 : Train Loss 0.024380
Epoch  3 : Train Loss 0.012078
Epoch  4 : Train Loss 0.006204
Epoch  5 : Train Loss 0.003384
Epoch  6 : Train Loss 0.001750 , Train acc 0.992600, Valid acc 0.966200
Epoch  7 : Train Loss 0.001052
Epoch  8 : Train Loss 0.000721
Epoch  1 : Train Loss 0.145992 , Train acc 0.573800, Valid acc 0.551600
Epoch  2 : Train Loss 0.022313
Epoch  3 : Train Loss 0.010901
Epoch  4 : Train Loss 0.004911
Epoch  5 : Train Loss 0.002349
Epoch  6 : Train Loss 0.001291 , Train acc 0.998400, Valid acc 0.980600
Epoch  7 : Train Loss 0.000708
Epoch  8 : Train Loss 0.000675
Epoch  1 : Train Loss 0.182344 , Train acc 0.807500, Valid acc 0.788400
Epoch  2 : Train Loss 0.026322
Epoch  3 : Train Loss 0.012175
Epoch  4 : Train Loss 0.005878
Epoch  5 : Train Loss 0.003298
Epoch  6 : Train Loss 0.001949 , Train acc 0.991900, Valid acc 0.970800
Epoch  7 : Train Loss 0.001165
Epoch  8 : Train Loss 0.000564
Epoch  1 : Train Loss 0.187068 , Train acc 0.625100, Valid acc 0.599800
Epoch  2 : Train Loss 0.027413
Epoch  3 : Train Loss 0.014523
Epoch  4 : Train Loss 0.008663
Epoch  5 : Train Loss 0.004587
Epoch  6 : Train Loss 0.002913 , Train acc 0.987900, Valid acc 0.963200
Epoch  7 : Train Loss 0.001791
Epoch  8 : Train Loss 0.001195
Epoch  1 : Train Loss 0.173002 , Train acc 0.425300, Valid acc 0.406200
Epoch  2 : Train Loss 0.025598
Epoch  3 : Train Loss 0.011583
Epoch  4 : Train Loss 0.006914
Epoch  5 : Train Loss 0.003374
Epoch  6 : Train Loss 0.001736 , Train acc 0.988200, Valid acc 0.969000
Epoch  7 : Train Loss 0.001017
Epoch  8 : Train Loss 0.000627
Epoch  1 : Train Loss 0.156270 , Train acc 0.510300, Valid acc 0.489200
Epoch  2 : Train Loss 0.020988
Epoch  3 : Train Loss 0.009815
Epoch  4 : Train Loss 0.005841
Epoch  5 : Train Loss 0.002646
Epoch  6 : Train Loss 0.001649 , Train acc 0.993600, Valid acc 0.970800
Epoch  7 : Train Loss 0.001330
Epoch  8 : Train Loss 0.000911
Epoch  1 : Train Loss 0.142657 , Train acc 0.719900, Valid acc 0.701800
Epoch  2 : Train Loss 0.022216
Epoch  3 : Train Loss 0.011069
Epoch  4 : Train Loss 0.005749
Epoch  5 : Train Loss 0.003800
Epoch  6 : Train Loss 0.001754 , Train acc 0.997400, Valid acc 0.979200
Epoch  7 : Train Loss 0.001157
Epoch  8 : Train Loss 0.000385
[ 1.56084981 -2.0572704  -2.74790756]
[0.96127659 0.025794   0.01292941]
[0. 0. 0.]
[[0 1 1 0]
 [0 1 0 0]
 [0 1 1 1]
 [0 1 0 0]
 [0 0 0 0]
 [0 1 1 0]
 [0 2 0 1]
 [0 1 0 1]]
[-0.93031486  0.60059221 -2.56617416]
[0.17190541 0.79461001 0.03348458]
[0. 0. 0.]
[[0 1 1 0]
 [0 1 0 0]
 [0 1 1 1]
 [0 1 0 0]
 [0 0 0 0]
 [0 1 1 0]
 [0 2 0 1]
 [0 1 0 1]]
[ 0.45795883 -1.25952184 -1.61125864]
[0.76581265 0.13747703 0.09671032]
[0. 0. 0.]
[[0 1 1 0]
 [0 1 0 0]
 [0 1 1 1]
 [0 1 0 0]
 [0 0 0 0]
 [0 1 1 0]
 [0 2 0 1]
 [0 1 0 1]]
[-0.57935993  0.26196961 -2.50083437]
[0.28853037 0.6692314  0.04223824]
[0. 0. 0.]
[[0 1 1 0]
 [0 1 0 0]
 [0 1 1 1]
 [0 1 0 0]
 [0 0 0 0]
 [0 1 1 0]
 [0 2 0 1]
 [0 1 0 1]]
Epoch 8 : b_values [[0.96127659 0.025794   0.01292941]
 [0.15891355 0.80898101 0.03210544]
 [0.76007236 0.14297894 0.09694871]
 [0.28301354 0.67476939 0.04221707]] 
Epoch  1 : Train Loss 0.172235 , Train acc 0.704500, Valid acc 0.682800
Epoch  2 : Train Loss 0.023077
Epoch  3 : Train Loss 0.013599
Epoch  4 : Train Loss 0.007417
Epoch  5 : Train Loss 0.004163
Epoch  6 : Train Loss 0.002250 , Train acc 0.988000, Valid acc 0.964000
Epoch  7 : Train Loss 0.001476
Epoch  8 : Train Loss 0.001052
Epoch  1 : Train Loss 0.189239 , Train acc 0.572200, Valid acc 0.558800
Epoch  2 : Train Loss 0.027489
Epoch  3 : Train Loss 0.014185
Epoch  4 : Train Loss 0.008526
Epoch  5 : Train Loss 0.005181
Epoch  6 : Train Loss 0.003198 , Train acc 0.955300, Valid acc 0.935800
Epoch  7 : Train Loss 0.002027
Epoch  8 : Train Loss 0.001351
Epoch  1 : Train Loss 0.144722 , Train acc 0.446600, Valid acc 0.437000
Epoch  2 : Train Loss 0.023255
Epoch  3 : Train Loss 0.009998
Epoch  4 : Train Loss 0.004818
Epoch  5 : Train Loss 0.002275
Epoch  6 : Train Loss 0.001302 , Train acc 0.997500, Valid acc 0.982400
Epoch  7 : Train Loss 0.000744
Epoch  8 : Train Loss 0.000468
Epoch  1 : Train Loss 0.153741 , Train acc 0.434000, Valid acc 0.412200
Epoch  2 : Train Loss 0.023651
Epoch  3 : Train Loss 0.010318
Epoch  4 : Train Loss 0.005648
Epoch  5 : Train Loss 0.004163
Epoch  6 : Train Loss 0.002579 , Train acc 0.993000, Valid acc 0.976200
Epoch  7 : Train Loss 0.001500
Epoch  8 : Train Loss 0.000766
Epoch  1 : Train Loss 0.169118 , Train acc 0.806600, Valid acc 0.784400
Epoch  2 : Train Loss 0.022554
Epoch  3 : Train Loss 0.011561
Epoch  4 : Train Loss 0.007298
Epoch  5 : Train Loss 0.003561
Epoch  6 : Train Loss 0.001723 , Train acc 0.990800, Valid acc 0.969800
Epoch  7 : Train Loss 0.000740
Epoch  8 : Train Loss 0.000376
Epoch  1 : Train Loss 0.148731 , Train acc 0.516200, Valid acc 0.500200
Epoch  2 : Train Loss 0.019710
Epoch  3 : Train Loss 0.009930
Epoch  4 : Train Loss 0.005275
Epoch  5 : Train Loss 0.002519
Epoch  6 : Train Loss 0.001316 , Train acc 0.998300, Valid acc 0.978800
Epoch  7 : Train Loss 0.000716
Epoch  8 : Train Loss 0.000408
Epoch  1 : Train Loss 0.152351 , Train acc 0.622200, Valid acc 0.586600
Epoch  2 : Train Loss 0.022508
Epoch  3 : Train Loss 0.011436
Epoch  4 : Train Loss 0.005313
Epoch  5 : Train Loss 0.002815
Epoch  6 : Train Loss 0.001511 , Train acc 0.994500, Valid acc 0.979000
Epoch  7 : Train Loss 0.000731
Epoch  8 : Train Loss 0.000409
Epoch  1 : Train Loss 0.141660 , Train acc 0.786900, Valid acc 0.762600
Epoch  2 : Train Loss 0.021840
Epoch  3 : Train Loss 0.008461
Epoch  4 : Train Loss 0.003971
Epoch  5 : Train Loss 0.002116
Epoch  6 : Train Loss 0.001148 , Train acc 0.995400, Valid acc 0.974600
Epoch  7 : Train Loss 0.000674
Epoch  8 : Train Loss 0.000267
[ 3.21181773 -3.63148082 -4.33523674]
[9.98408296e-01 1.06488175e-03 5.26822202e-04]
[0. 0. 0.]
[[0 1 0 0]
 [0 0 0 0]
 [0 1 0 1]
 [2 1 0 1]
 [0 1 2 0]
 [0 0 0 1]
 [0 1 0 1]
 [0 0 1 1]]
[-1.66633411  1.44340262 -3.40609775]
[0.04238958 0.95016843 0.00744199]
[0. 0. 0.]
[[0 1 0 0]
 [0 0 0 0]
 [0 1 0 1]
 [2 1 0 1]
 [0 1 2 0]
 [0 0 0 1]
 [0 1 0 1]
 [0 0 1 1]]
[ 1.15307625 -1.79076518 -2.23159731]
[0.92034273 0.04846804 0.03118922]
[0. 0. 0.]
[[0 1 0 0]
 [0 0 0 0]
 [0 1 0 1]
 [2 1 0 1]
 [0 1 2 0]
 [0 0 0 1]
 [0 1 0 1]
 [0 0 1 1]]
[-0.92956224  0.7298365  -3.12179648]
[0.1570397  0.82542415 0.01753615]
[0. 0. 0.]
[[0 1 0 0]
 [0 0 0 0]
 [0 1 0 1]
 [2 1 0 1]
 [0 1 2 0]
 [0 0 0 1]
 [0 1 0 1]
 [0 0 1 1]]
Epoch 9 : b_values [[9.98421437e-01 1.06485307e-03 5.13709600e-04]
 [4.14759012e-02 9.51083317e-01 7.44078153e-03]
 [9.14951862e-01 5.21405873e-02 3.29075509e-02]
 [1.35523260e-01 8.47008786e-01 1.74679532e-02]] 
Epoch  1 : Train Loss 0.149773 , Train acc 0.873900, Valid acc 0.840400
Epoch  2 : Train Loss 0.017651
Epoch  3 : Train Loss 0.009151
Epoch  4 : Train Loss 0.004575
Epoch  5 : Train Loss 0.002909
Epoch  6 : Train Loss 0.001502 , Train acc 0.997200, Valid acc 0.978000
Epoch  7 : Train Loss 0.000911
Epoch  8 : Train Loss 0.000401
Epoch  1 : Train Loss 0.147844 , Train acc 0.510800, Valid acc 0.476000
Epoch  2 : Train Loss 0.020475
Epoch  3 : Train Loss 0.010127
Epoch  4 : Train Loss 0.005940
Epoch  5 : Train Loss 0.002657
Epoch  6 : Train Loss 0.001183 , Train acc 0.998100, Valid acc 0.980600
Epoch  7 : Train Loss 0.000684
Epoch  8 : Train Loss 0.000327
Epoch  1 : Train Loss 0.147549 , Train acc 0.688500, Valid acc 0.666800
Epoch  2 : Train Loss 0.022668
Epoch  3 : Train Loss 0.010991
Epoch  4 : Train Loss 0.005271
Epoch  5 : Train Loss 0.002101
Epoch  6 : Train Loss 0.001103 , Train acc 0.998400, Valid acc 0.980400
Epoch  7 : Train Loss 0.000649
Epoch  8 : Train Loss 0.000446
Epoch  1 : Train Loss 0.143232 , Train acc 0.559500, Valid acc 0.550000
Epoch  2 : Train Loss 0.022261
Epoch  3 : Train Loss 0.010425
Epoch  4 : Train Loss 0.005699
Epoch  5 : Train Loss 0.003024
Epoch  6 : Train Loss 0.001783 , Train acc 0.996200, Valid acc 0.978000
Epoch  7 : Train Loss 0.000870
Epoch  8 : Train Loss 0.000429
Epoch  1 : Train Loss 0.150658 , Train acc 0.806600, Valid acc 0.785400
Epoch  2 : Train Loss 0.022905
Epoch  3 : Train Loss 0.010323
Epoch  4 : Train Loss 0.005357
Epoch  5 : Train Loss 0.002997
Epoch  6 : Train Loss 0.001564 , Train acc 0.989500, Valid acc 0.963400
Epoch  7 : Train Loss 0.001019
Epoch  8 : Train Loss 0.000655
Epoch  1 : Train Loss 0.183988 , Train acc 0.593200, Valid acc 0.563000
Epoch  2 : Train Loss 0.026196
Epoch  3 : Train Loss 0.015180
Epoch  4 : Train Loss 0.008464
Epoch  5 : Train Loss 0.005398
Epoch  6 : Train Loss 0.003370 , Train acc 0.981400, Valid acc 0.957600
Epoch  7 : Train Loss 0.002000
Epoch  8 : Train Loss 0.001286
Epoch  1 : Train Loss 0.147918 , Train acc 0.516300, Valid acc 0.504200
Epoch  2 : Train Loss 0.022887
Epoch  3 : Train Loss 0.009882
Epoch  4 : Train Loss 0.007410
Epoch  5 : Train Loss 0.002807
Epoch  6 : Train Loss 0.001326 , Train acc 0.994800, Valid acc 0.975800
Epoch  7 : Train Loss 0.000839
Epoch  8 : Train Loss 0.000412
Epoch  1 : Train Loss 0.190388 , Train acc 0.566700, Valid acc 0.557200
Epoch  2 : Train Loss 0.024687
Epoch  3 : Train Loss 0.013098
Epoch  4 : Train Loss 0.007265
Epoch  5 : Train Loss 0.003622
Epoch  6 : Train Loss 0.002063 , Train acc 0.976300, Valid acc 0.952600
Epoch  7 : Train Loss 0.001486
Epoch  8 : Train Loss 0.000753
[ 6.44966074 -6.84385303 -7.57333859]
[9.99997502e-01 1.68538545e-06 8.12620336e-07]
[0. 0. 0.]
[[0 1 0 1]
 [0 1 0 1]
 [0 1 0 1]
 [0 1 0 1]
 [0 1 0 1]
 [0 0 0 0]
 [0 1 0 1]
 [0 1 0 0]]
[-3.14028214  2.96748317 -4.89331079]
[2.21972272e-03 9.97395714e-01 3.84563496e-04]
[0. 0. 0.]
[[0 1 0 1]
 [0 1 0 1]
 [0 1 0 1]
 [0 1 0 1]
 [0 1 0 1]
 [0 0 0 0]
 [0 1 0 1]
 [0 1 0 0]]
[ 2.37565403 -2.90026252 -3.38059195]
[0.9917917 0.0050713 0.003137 ]
[0. 0. 0.]
[[0 1 0 1]
 [0 1 0 1]
 [0 1 0 1]
 [0 1 0 1]
 [0 1 0 1]
 [0 0 0 0]
 [0 1 0 1]
 [0 1 0 0]]
[-1.85298111  1.71133058 -4.02976501]
[0.027451  0.9694359 0.0031131]
[0. 0. 0.]
[[0 1 0 1]
 [0 1 0 1]
 [0 1 0 1]
 [0 1 0 1]
 [0 1 0 1]
 [0 0 0 0]
 [0 1 0 1]
 [0 1 0 0]]
Epoch 10 : b_values [[9.99997502e-01 1.68538545e-06 8.12620336e-07]
 [1.91450499e-03 9.97700962e-01 3.84532777e-04]
 [9.91791703e-01 5.07129679e-03 3.13700063e-03]
 [2.29513124e-02 9.73938582e-01 3.11010546e-03]] 
Epoch  1 : Train Loss 0.146423 , Train acc 0.677300, Valid acc 0.654000
Epoch  2 : Train Loss 0.022242
Epoch  3 : Train Loss 0.009584
Epoch  4 : Train Loss 0.005181
Epoch  5 : Train Loss 0.002523
Epoch  6 : Train Loss 0.001478 , Train acc 0.997500, Valid acc 0.980800
Epoch  7 : Train Loss 0.000865
Epoch  8 : Train Loss 0.000414
Epoch  1 : Train Loss 0.152375 , Train acc 0.805200, Valid acc 0.785600
Epoch  2 : Train Loss 0.022237
Epoch  3 : Train Loss 0.011308
Epoch  4 : Train Loss 0.005192
Epoch  5 : Train Loss 0.002829
Epoch  6 : Train Loss 0.001655 , Train acc 0.995000, Valid acc 0.977600
Epoch  7 : Train Loss 0.001281
Epoch  8 : Train Loss 0.000531
Epoch  1 : Train Loss 0.143879 , Train acc 0.801300, Valid acc 0.770200
Epoch  2 : Train Loss 0.022104
Epoch  3 : Train Loss 0.009289
Epoch  4 : Train Loss 0.004709
Epoch  5 : Train Loss 0.002040
Epoch  6 : Train Loss 0.001140 , Train acc 0.998000, Valid acc 0.981200
Epoch  7 : Train Loss 0.000596
Epoch  8 : Train Loss 0.000296
Epoch  1 : Train Loss 0.153492 , Train acc 0.716900, Valid acc 0.687200
Epoch  2 : Train Loss 0.021889
Epoch  3 : Train Loss 0.009307
Epoch  4 : Train Loss 0.005020
Epoch  5 : Train Loss 0.003028
Epoch  6 : Train Loss 0.001808 , Train acc 0.997400, Valid acc 0.980200
Epoch  7 : Train Loss 0.000740
Epoch  8 : Train Loss 0.000485
Epoch  1 : Train Loss 0.150013 , Train acc 0.751700, Valid acc 0.721400
Epoch  2 : Train Loss 0.020403
Epoch  3 : Train Loss 0.008545
Epoch  4 : Train Loss 0.004894
Epoch  5 : Train Loss 0.002290
Epoch  6 : Train Loss 0.001438 , Train acc 0.997000, Valid acc 0.979000
Epoch  7 : Train Loss 0.001120
Epoch  8 : Train Loss 0.000643
Epoch  1 : Train Loss 0.152759 , Train acc 0.541100, Valid acc 0.520200
Epoch  2 : Train Loss 0.022692
Epoch  3 : Train Loss 0.009834
Epoch  4 : Train Loss 0.005029
Epoch  5 : Train Loss 0.002648
Epoch  6 : Train Loss 0.001331 , Train acc 0.996200, Valid acc 0.978800
Epoch  7 : Train Loss 0.000961
Epoch  8 : Train Loss 0.000407
Epoch  1 : Train Loss 0.151052 , Train acc 0.474000, Valid acc 0.453800
Epoch  2 : Train Loss 0.021027
Epoch  3 : Train Loss 0.008489
Epoch  4 : Train Loss 0.003893
Epoch  5 : Train Loss 0.001759
Epoch  6 : Train Loss 0.001132 , Train acc 0.993300, Valid acc 0.971600
Epoch  7 : Train Loss 0.000822
Epoch  8 : Train Loss 0.000334
Epoch  1 : Train Loss 0.152879 , Train acc 0.636100, Valid acc 0.630000
Epoch  2 : Train Loss 0.023667
Epoch  3 : Train Loss 0.009419
Epoch  4 : Train Loss 0.004552
Epoch  5 : Train Loss 0.002535
Epoch  6 : Train Loss 0.001255 , Train acc 0.996100, Valid acc 0.975800
Epoch  7 : Train Loss 0.000735
Epoch  8 : Train Loss 0.000344
[ 12.90001533 -13.29351458 -14.02300102]
[1.00000000e+00 4.21012020e-12 2.02993702e-12]
[0. 0. 0.]
[[0 1 0 1]
 [0 1 0 1]
 [0 1 0 1]
 [0 1 0 1]
 [0 1 0 1]
 [0 1 0 1]
 [0 1 0 1]
 [0 1 0 1]]
[-6.25637984  6.07296292 -7.86309692]
[4.42010075e-06 9.99994693e-01 8.86428696e-07]
[0. 0. 0.]
[[0 1 0 1]
 [0 1 0 1]
 [0 1 0 1]
 [0 1 0 1]
 [0 1 0 1]
 [0 1 0 1]
 [0 1 0 1]
 [0 1 0 1]]
[ 4.79436758 -5.27907452 -5.76134622]
[9.99931775e-01 4.21822800e-05 2.60424664e-05]
[0. 0. 0.]
[[0 1 0 1]
 [0 1 0 1]
 [0 1 0 1]
 [0 1 0 1]
 [0 1 0 1]
 [0 1 0 1]
 [0 1 0 1]
 [0 1 0 1]]
[-3.75116137  3.62089227 -5.76998369]
[6.28128724e-04 9.99288448e-01 8.34228953e-05]
[0. 0. 0.]
[[0 1 0 1]
 [0 1 0 1]
 [0 1 0 1]
 [0 1 0 1]
 [0 1 0 1]
 [0 1 0 1]
 [0 1 0 1]
 [0 1 0 1]]
Epoch 11 : b_values [[1.00000000e+00 4.21012020e-12 2.02993702e-12]
 [4.42010075e-06 9.99994693e-01 8.86428696e-07]
 [9.99931775e-01 4.21822800e-05 2.60424664e-05]
 [6.28128724e-04 9.99288448e-01 8.34228953e-05]] 
Epoch  1 : Train Loss 0.147056 , Train acc 0.749700, Valid acc 0.723400
Epoch  2 : Train Loss 0.022032
Epoch  3 : Train Loss 0.010844
Epoch  4 : Train Loss 0.005838
Epoch  5 : Train Loss 0.002947
Epoch  6 : Train Loss 0.002248 , Train acc 0.992500, Valid acc 0.971600
Epoch  7 : Train Loss 0.001941
Epoch  8 : Train Loss 0.001738
Epoch  1 : Train Loss 0.144478 , Train acc 0.770600, Valid acc 0.736000
Epoch  2 : Train Loss 0.023318
Epoch  3 : Train Loss 0.010010
Epoch  4 : Train Loss 0.004865
Epoch  5 : Train Loss 0.002230
Epoch  6 : Train Loss 0.001242 , Train acc 0.995200, Valid acc 0.973800
Epoch  7 : Train Loss 0.000726
Epoch  8 : Train Loss 0.000326
Epoch  1 : Train Loss 0.146035 , Train acc 0.880400, Valid acc 0.869200
Epoch  2 : Train Loss 0.022557
Epoch  3 : Train Loss 0.010543
Epoch  4 : Train Loss 0.004976
Epoch  5 : Train Loss 0.002653
Epoch  6 : Train Loss 0.001456 , Train acc 0.991500, Valid acc 0.965800
Epoch  7 : Train Loss 0.001040
Epoch  8 : Train Loss 0.000508
Epoch  1 : Train Loss 0.142580 , Train acc 0.717100, Valid acc 0.692800
Epoch  2 : Train Loss 0.021988
Epoch  3 : Train Loss 0.010488
Epoch  4 : Train Loss 0.005772
Epoch  5 : Train Loss 0.002715
Epoch  6 : Train Loss 0.001276 , Train acc 0.995200, Valid acc 0.977000
Epoch  7 : Train Loss 0.000734
Epoch  8 : Train Loss 0.000323
Epoch  1 : Train Loss 0.148544 , Train acc 0.773400, Valid acc 0.753800
Epoch  2 : Train Loss 0.022497
Epoch  3 : Train Loss 0.009041
Epoch  4 : Train Loss 0.004918
Epoch  5 : Train Loss 0.002290
Epoch  6 : Train Loss 0.001164 , Train acc 0.996000, Valid acc 0.978000
Epoch  7 : Train Loss 0.000743
Epoch  8 : Train Loss 0.000574
Epoch  1 : Train Loss 0.153803 , Train acc 0.759200, Valid acc 0.737200
Epoch  2 : Train Loss 0.024213
Epoch  3 : Train Loss 0.009242
Epoch  4 : Train Loss 0.004938
Epoch  5 : Train Loss 0.002396
Epoch  6 : Train Loss 0.001156 , Train acc 0.993500, Valid acc 0.972000
Epoch  7 : Train Loss 0.001040
Epoch  8 : Train Loss 0.000449
Epoch  1 : Train Loss 0.148319 , Train acc 0.790900, Valid acc 0.768600
Epoch  2 : Train Loss 0.021750
Epoch  3 : Train Loss 0.010741
Epoch  4 : Train Loss 0.006085
Epoch  5 : Train Loss 0.003031
Epoch  6 : Train Loss 0.001855 , Train acc 0.984700, Valid acc 0.960800
Epoch  7 : Train Loss 0.001046
Epoch  8 : Train Loss 0.000939
Epoch  1 : Train Loss 0.141896 , Train acc 0.696900, Valid acc 0.683000
Epoch  2 : Train Loss 0.021499
Epoch  3 : Train Loss 0.010544
Epoch  4 : Train Loss 0.006402
Epoch  5 : Train Loss 0.003187
Epoch  6 : Train Loss 0.001864 , Train acc 0.979300, Valid acc 0.953200
Epoch  7 : Train Loss 0.001494
Epoch  8 : Train Loss 0.000812
[ 25.80002178 -26.19352992 -26.92301635]
[1.00000000e+00 2.62716533e-23 1.26670496e-23]
[0. 0. 0.]
[[0 1 0 1]
 [0 1 0 1]
 [0 1 0 1]
 [0 1 0 1]
 [0 1 0 1]
 [0 1 0 1]
 [0 1 0 1]
 [0 1 0 1]]
[-12.32934365  12.14656722 -13.93606426]
[2.34556229e-11 1.00000000e+00 4.70388910e-12]
[0. 0. 0.]
[[0 1 0 1]
 [0 1 0 1]
 [0 1 0 1]
 [0 1 0 1]
 [0 1 0 1]
 [0 1 0 1]
 [0 1 0 1]
 [0 1 0 1]]
[  9.59263498 -10.07346815 -10.55575599]
[9.99999995e-01 2.87819311e-09 1.77690816e-09]
[0. 0. 0.]
[[0 1 0 1]
 [0 1 0 1]
 [0 1 0 1]
 [0 1 0 1]
 [0 1 0 1]
 [0 1 0 1]
 [0 1 0 1]
 [0 1 0 1]]
[-7.37213711  7.24735079 -9.39150434]
[4.47545152e-07 9.99999493e-01 5.94068896e-08]
[0. 0. 0.]
[[0 1 0 1]
 [0 1 0 1]
 [0 1 0 1]
 [0 1 0 1]
 [0 1 0 1]
 [0 1 0 1]
 [0 1 0 1]
 [0 1 0 1]]
Epoch 12 : b_values [[1.00000000e+00 2.62716533e-23 1.26670496e-23]
 [2.34556229e-11 1.00000000e+00 4.70388910e-12]
 [9.99999995e-01 2.87819311e-09 1.77690816e-09]
 [4.47545152e-07 9.99999493e-01 5.94068896e-08]] 
Epoch  1 : Train Loss 0.146499 , Train acc 0.791000, Valid acc 0.780400
Epoch  2 : Train Loss 0.021644
Epoch  3 : Train Loss 0.011234
Epoch  4 : Train Loss 0.006126
Epoch  5 : Train Loss 0.002700
Epoch  6 : Train Loss 0.001318 , Train acc 0.992800, Valid acc 0.973200
Epoch  7 : Train Loss 0.000795
Epoch  8 : Train Loss 0.000547
Epoch  1 : Train Loss 0.145518 , Train acc 0.607900, Valid acc 0.583800
Epoch  2 : Train Loss 0.023715
Epoch  3 : Train Loss 0.009695
Epoch  4 : Train Loss 0.004565
Epoch  5 : Train Loss 0.002211
Epoch  6 : Train Loss 0.000923 , Train acc 0.999000, Valid acc 0.982600
Epoch  7 : Train Loss 0.000637
Epoch  8 : Train Loss 0.000419
Epoch  1 : Train Loss 0.151934 , Train acc 0.726200, Valid acc 0.703600
Epoch  2 : Train Loss 0.024229
Epoch  3 : Train Loss 0.012175
Epoch  4 : Train Loss 0.006114
Epoch  5 : Train Loss 0.003035
Epoch  6 : Train Loss 0.001391 , Train acc 0.972600, Valid acc 0.946400
Epoch  7 : Train Loss 0.001144
Epoch  8 : Train Loss 0.000583
Epoch  1 : Train Loss 0.144608 , Train acc 0.850600, Valid acc 0.817000
Epoch  2 : Train Loss 0.021220
Epoch  3 : Train Loss 0.010837
Epoch  4 : Train Loss 0.006132
Epoch  5 : Train Loss 0.002568
Epoch  6 : Train Loss 0.001484 , Train acc 0.998900, Valid acc 0.978600
Epoch  7 : Train Loss 0.000878
Epoch  8 : Train Loss 0.000390
Epoch  1 : Train Loss 0.145636 , Train acc 0.484000, Valid acc 0.467200
Epoch  2 : Train Loss 0.021809
Epoch  3 : Train Loss 0.010630
Epoch  4 : Train Loss 0.005707
Epoch  5 : Train Loss 0.003517
Epoch  6 : Train Loss 0.001906 , Train acc 0.998300, Valid acc 0.982400
Epoch  7 : Train Loss 0.001167
Epoch  8 : Train Loss 0.000496
Epoch  1 : Train Loss 0.148001 , Train acc 0.761500, Valid acc 0.726400
Epoch  2 : Train Loss 0.022266
Epoch  3 : Train Loss 0.010189
Epoch  4 : Train Loss 0.005424
Epoch  5 : Train Loss 0.002738
Epoch  6 : Train Loss 0.001456 , Train acc 0.989300, Valid acc 0.966000
Epoch  7 : Train Loss 0.000628
Epoch  8 : Train Loss 0.000298
Epoch  1 : Train Loss 0.147916 , Train acc 0.750200, Valid acc 0.729200
Epoch  2 : Train Loss 0.023034
Epoch  3 : Train Loss 0.010190
Epoch  4 : Train Loss 0.004855
Epoch  5 : Train Loss 0.002811
Epoch  6 : Train Loss 0.001594 , Train acc 0.995200, Valid acc 0.974800
Epoch  7 : Train Loss 0.001100
Epoch  8 : Train Loss 0.000471
Epoch  1 : Train Loss 0.147008 , Train acc 0.727600, Valid acc 0.704600
Epoch  2 : Train Loss 0.022168
Epoch  3 : Train Loss 0.009608
Epoch  4 : Train Loss 0.004357
Epoch  5 : Train Loss 0.002449
Epoch  6 : Train Loss 0.001124 , Train acc 0.994300, Valid acc 0.970800
Epoch  7 : Train Loss 0.000643
Epoch  8 : Train Loss 0.000330
[         inf -51.99355169 -52.72303813]
[nan  0.  0.]
[0. 0. 0.]
[[0 1 0 1]
 [0 1 0 1]
 [0 1 0 1]
 [0 1 0 1]
 [0 1 0 1]
 [0 1 0 1]
 [0 1 0 1]
 [0 1 0 1]]
[-24.47591087  24.29314118 -26.08263148]
[6.60495416e-22 1.00000000e+00 1.32458524e-22]
[0. 0. 0.]
[[0 1 0 1]
 [0 1 0 1]
 [0 1 0 1]
 [0 1 0 1]
 [0 1 0 1]
 [0 1 0 1]
 [0 1 0 1]
 [0 1 0 1]]
[ 19.18530216 -19.66610313 -20.14839097]
[1.00000000e+00 1.33982806e-17 8.27168755e-18]
[0. 0. 0.]
[[0 1 0 1]
 [0 1 0 1]
 [0 1 0 1]
 [0 1 0 1]
 [0 1 0 1]
 [0 1 0 1]
 [0 1 0 1]
 [0 1 0 1]]
[-14.61948796  14.49484892 -16.63885557]
[2.26884145e-13 1.00000000e+00 3.01164610e-14]
[0. 0. 0.]
[[0 1 0 1]
 [0 1 0 1]
 [0 1 0 1]
 [0 1 0 1]
 [0 1 0 1]
 [0 1 0 1]
 [0 1 0 1]
 [0 1 0 1]]
Epoch 13 : b_values [[           nan            nan            nan]
 [6.60495416e-22 1.00000000e+00 1.32458524e-22]
 [1.00000000e+00 1.33982806e-17 8.27168755e-18]
 [2.26884145e-13 1.00000000e+00 3.01164610e-14]] 
