Running GPU.
Epoch 0 : b_values [[0.33333333 0.33333333 0.33333333]
 [0.33333333 0.33333333 0.33333333]
 [0.33333333 0.33333333 0.33333333]
 [0.33333333 0.33333333 0.33333333]] 
Epoch  1 : Train Loss 0.039994 , Train acc 0.112700, Valid acc 0.112600
Epoch  2 : Train Loss 0.005861
Epoch  3 : Train Loss 0.002498
Epoch  4 : Train Loss 0.001384
Epoch  5 : Train Loss 0.000914
Epoch  6 : Train Loss 0.000625 , Train acc 0.980300, Valid acc 0.948600
Epoch  7 : Train Loss 0.000281
Epoch  8 : Train Loss 0.000135
Epoch  1 : Train Loss 0.046972 , Train acc 0.112700, Valid acc 0.112600
Epoch  2 : Train Loss 0.006509
Epoch  3 : Train Loss 0.002762
Epoch  4 : Train Loss 0.001583
Epoch  5 : Train Loss 0.000874
Epoch  6 : Train Loss 0.000621 , Train acc 0.976900, Valid acc 0.951400
Epoch  7 : Train Loss 0.000414
Epoch  8 : Train Loss 0.000372
Epoch  1 : Train Loss 0.040152 , Train acc 0.112700, Valid acc 0.112600
Epoch  2 : Train Loss 0.005557
Epoch  3 : Train Loss 0.002528
Epoch  4 : Train Loss 0.001265
Epoch  5 : Train Loss 0.000645
Epoch  6 : Train Loss 0.000397 , Train acc 0.989200, Valid acc 0.964200
Epoch  7 : Train Loss 0.000251
Epoch  8 : Train Loss 0.000102
Epoch  1 : Train Loss 0.041305 , Train acc 0.112700, Valid acc 0.112600
Epoch  2 : Train Loss 0.005544
Epoch  3 : Train Loss 0.002438
Epoch  4 : Train Loss 0.001266
Epoch  5 : Train Loss 0.000847
Epoch  6 : Train Loss 0.000505 , Train acc 0.976400, Valid acc 0.957400
Epoch  7 : Train Loss 0.000216
Epoch  8 : Train Loss 0.000065
Epoch  1 : Train Loss 0.046033 , Train acc 0.112700, Valid acc 0.112600
Epoch  2 : Train Loss 0.006227
Epoch  3 : Train Loss 0.002524
Epoch  4 : Train Loss 0.001480
Epoch  5 : Train Loss 0.000928
Epoch  6 : Train Loss 0.000657 , Train acc 0.961300, Valid acc 0.938000
Epoch  7 : Train Loss 0.000553
Epoch  8 : Train Loss 0.000408
Epoch  1 : Train Loss 0.057584 , Train acc 0.112700, Valid acc 0.112600
Epoch  2 : Train Loss 0.008089
Epoch  3 : Train Loss 0.003475
Epoch  4 : Train Loss 0.002039
Epoch  5 : Train Loss 0.001415
Epoch  6 : Train Loss 0.001128 , Train acc 0.968500, Valid acc 0.943000
Epoch  7 : Train Loss 0.000744
Epoch  8 : Train Loss 0.000485
Epoch  1 : Train Loss 0.041540 , Train acc 0.112700, Valid acc 0.112600
Epoch  2 : Train Loss 0.005212
Epoch  3 : Train Loss 0.002207
Epoch  4 : Train Loss 0.001061
Epoch  5 : Train Loss 0.000595
Epoch  6 : Train Loss 0.000378 , Train acc 0.998600, Valid acc 0.979000
Epoch  7 : Train Loss 0.000159
Epoch  8 : Train Loss 0.000073
Epoch  1 : Train Loss 0.057309 , Train acc 0.112700, Valid acc 0.112600
Epoch  2 : Train Loss 0.008912
Epoch  3 : Train Loss 0.003751
Epoch  4 : Train Loss 0.002085
Epoch  5 : Train Loss 0.001438
Epoch  6 : Train Loss 0.000907 , Train acc 0.985200, Valid acc 0.962400
Epoch  7 : Train Loss 0.000703
Epoch  8 : Train Loss 0.000530
[-0.69314718 -0.69314718 -0.69314718]
[0.33333333 0.33333333 0.33333333]
[0. 0. 0.]
[[0 0 2 2]
 [2 2 2 1]
 [0 0 2 2]
 [1 0 2 2]
 [0 2 0 1]
 [2 2 0 0]
 [0 0 1 2]
 [2 2 0 0]]
[-0.69314718 -0.69314718 -0.69314718]
[0.33333333 0.33333333 0.33333333]
[0. 0. 0.]
[[0 0 2 2]
 [2 2 2 1]
 [0 0 2 2]
 [1 0 2 2]
 [0 2 0 1]
 [2 2 0 0]
 [0 0 1 2]
 [2 2 0 0]]
[-0.69314718 -0.69314718 -0.69314718]
[0.33333333 0.33333333 0.33333333]
[0. 0. 0.]
[[0 0 2 2]
 [2 2 2 1]
 [0 0 2 2]
 [1 0 2 2]
 [0 2 0 1]
 [2 2 0 0]
 [0 0 1 2]
 [2 2 0 0]]
[-0.69314718 -0.69314718 -0.69314718]
[0.33333333 0.33333333 0.33333333]
[0. 0. 0.]
[[0 0 2 2]
 [2 2 2 1]
 [0 0 2 2]
 [1 0 2 2]
 [0 2 0 1]
 [2 2 0 0]
 [0 0 1 2]
 [2 2 0 0]]
Epoch 1 : b_values [[0.37014043 0.35245306 0.27740651]
 [0.40802971 0.32811626 0.26385403]
 [0.27402222 0.35110385 0.37487393]
 [0.28469883 0.30599626 0.4093049 ]] 
Epoch  1 : Train Loss 0.041565 , Train acc 0.112700, Valid acc 0.112600
Epoch  2 : Train Loss 0.005210
Epoch  3 : Train Loss 0.002565
Epoch  4 : Train Loss 0.001193
Epoch  5 : Train Loss 0.000659
Epoch  6 : Train Loss 0.000568 , Train acc 0.962400, Valid acc 0.933600
Epoch  7 : Train Loss 0.000411
Epoch  8 : Train Loss 0.000357
Epoch  1 : Train Loss 0.046371 , Train acc 0.112700, Valid acc 0.112600
Epoch  2 : Train Loss 0.006575
Epoch  3 : Train Loss 0.003203
Epoch  4 : Train Loss 0.002011
Epoch  5 : Train Loss 0.001395
Epoch  6 : Train Loss 0.000817 , Train acc 0.984400, Valid acc 0.960600
Epoch  7 : Train Loss 0.000459
Epoch  8 : Train Loss 0.000243
Epoch  1 : Train Loss 0.043125 , Train acc 0.112700, Valid acc 0.112600
Epoch  2 : Train Loss 0.005754
Epoch  3 : Train Loss 0.002590
Epoch  4 : Train Loss 0.001255
Epoch  5 : Train Loss 0.000715
Epoch  6 : Train Loss 0.000415 , Train acc 0.959700, Valid acc 0.932400
Epoch  7 : Train Loss 0.000272
Epoch  8 : Train Loss 0.000201
Epoch  1 : Train Loss 0.043270 , Train acc 0.112700, Valid acc 0.112600
Epoch  2 : Train Loss 0.005854
Epoch  3 : Train Loss 0.002487
Epoch  4 : Train Loss 0.001366
Epoch  5 : Train Loss 0.000866
Epoch  6 : Train Loss 0.000693 , Train acc 0.966600, Valid acc 0.945200
Epoch  7 : Train Loss 0.000554
Epoch  8 : Train Loss 0.000378
Epoch  1 : Train Loss 0.053587 , Train acc 0.112700, Valid acc 0.112600
Epoch  2 : Train Loss 0.006662
Epoch  3 : Train Loss 0.003179
Epoch  4 : Train Loss 0.001816
Epoch  5 : Train Loss 0.001268
Epoch  6 : Train Loss 0.000942 , Train acc 0.956900, Valid acc 0.935800
Epoch  7 : Train Loss 0.000561
Epoch  8 : Train Loss 0.000330
Epoch  1 : Train Loss 0.058526 , Train acc 0.112700, Valid acc 0.112600
Epoch  2 : Train Loss 0.009940
Epoch  3 : Train Loss 0.004265
Epoch  4 : Train Loss 0.002624
Epoch  5 : Train Loss 0.001855
Epoch  6 : Train Loss 0.001306 , Train acc 0.966600, Valid acc 0.939200
Epoch  7 : Train Loss 0.000815
Epoch  8 : Train Loss 0.000538
Epoch  1 : Train Loss 0.048142 , Train acc 0.112700, Valid acc 0.112600
Epoch  2 : Train Loss 0.006559
Epoch  3 : Train Loss 0.002826
Epoch  4 : Train Loss 0.001790
Epoch  5 : Train Loss 0.001222
Epoch  6 : Train Loss 0.000789 , Train acc 0.982400, Valid acc 0.963600
Epoch  7 : Train Loss 0.000456
Epoch  8 : Train Loss 0.000238
Epoch  1 : Train Loss 0.042377 , Train acc 0.112700, Valid acc 0.112600
Epoch  2 : Train Loss 0.005832
Epoch  3 : Train Loss 0.002278
Epoch  4 : Train Loss 0.001202
Epoch  5 : Train Loss 0.000763
Epoch  6 : Train Loss 0.000376 , Train acc 0.986800, Valid acc 0.963400
Epoch  7 : Train Loss 0.000146
Epoch  8 : Train Loss 0.000083
[-0.5316144  -0.60827384 -0.95736285]
[0.38767415 0.35906583 0.25326002]
[0. 0. 0.]
[[2 1 2 2]
 [1 0 0 1]
 [2 1 2 2]
 [1 1 0 2]
 [0 2 2 0]
 [0 1 0 0]
 [0 1 0 1]
 [2 0 1 2]]
[-0.37211646 -0.71671731 -1.02603241]
[0.44873061 0.31792702 0.23334237]
[0. 0. 0.]
[[2 1 2 2]
 [1 0 0 1]
 [2 1 2 2]
 [1 1 0 2]
 [0 2 2 0]
 [0 1 0 0]
 [0 1 0 1]
 [2 0 1 2]]
[-0.97431019 -0.61419064 -0.51136358]
[0.24861711 0.35639282 0.39499007]
[0. 0. 0.]
[[2 1 2 2]
 [1 0 0 1]
 [2 1 2 2]
 [1 1 0 2]
 [0 2 2 0]
 [0 1 0 0]
 [0 1 0 1]
 [2 0 1 2]]
[-0.92127177 -0.81890446 -0.36683961]
[0.25982513 0.28783176 0.45234311]
[0. 0. 0.]
[[2 1 2 2]
 [1 0 0 1]
 [2 1 2 2]
 [1 1 0 2]
 [0 2 2 0]
 [0 1 0 0]
 [0 1 0 1]
 [2 0 1 2]]
Epoch 2 : b_values [[0.3677098  0.35749867 0.27479153]
 [0.47479074 0.29569614 0.22951311]
 [0.23117239 0.37577327 0.39305433]
 [0.23696746 0.29583862 0.46719392]] 
Epoch  1 : Train Loss 0.046131 , Train acc 0.112700, Valid acc 0.112600
Epoch  2 : Train Loss 0.006381
Epoch  3 : Train Loss 0.002899
Epoch  4 : Train Loss 0.001780
Epoch  5 : Train Loss 0.001295
Epoch  6 : Train Loss 0.000863 , Train acc 0.909700, Valid acc 0.889000
Epoch  7 : Train Loss 0.000637
Epoch  8 : Train Loss 0.000473
Epoch  1 : Train Loss 0.048409 , Train acc 0.112700, Valid acc 0.112600
Epoch  2 : Train Loss 0.006858
Epoch  3 : Train Loss 0.002611
Epoch  4 : Train Loss 0.001368
Epoch  5 : Train Loss 0.000847
Epoch  6 : Train Loss 0.000567 , Train acc 0.989100, Valid acc 0.963800
Epoch  7 : Train Loss 0.000374
Epoch  8 : Train Loss 0.000370
Epoch  1 : Train Loss 0.047098 , Train acc 0.112700, Valid acc 0.112600
Epoch  2 : Train Loss 0.006645
Epoch  3 : Train Loss 0.002987
Epoch  4 : Train Loss 0.001823
Epoch  5 : Train Loss 0.001214
Epoch  6 : Train Loss 0.000982 , Train acc 0.942800, Valid acc 0.917200
Epoch  7 : Train Loss 0.000625
Epoch  8 : Train Loss 0.000365
Epoch  1 : Train Loss 0.047263 , Train acc 0.112700, Valid acc 0.112600
Epoch  2 : Train Loss 0.006284
Epoch  3 : Train Loss 0.002575
Epoch  4 : Train Loss 0.001570
Epoch  5 : Train Loss 0.001064
Epoch  6 : Train Loss 0.000844 , Train acc 0.977700, Valid acc 0.951000
Epoch  7 : Train Loss 0.000532
Epoch  8 : Train Loss 0.000269
Epoch  1 : Train Loss 0.039972 , Train acc 0.112700, Valid acc 0.112600
Epoch  2 : Train Loss 0.005632
Epoch  3 : Train Loss 0.002586
Epoch  4 : Train Loss 0.001539
Epoch  5 : Train Loss 0.000997
Epoch  6 : Train Loss 0.000678 , Train acc 0.994800, Valid acc 0.976600
Epoch  7 : Train Loss 0.000378
Epoch  8 : Train Loss 0.000217
Epoch  1 : Train Loss 0.054226 , Train acc 0.112700, Valid acc 0.112600
Epoch  2 : Train Loss 0.007515
Epoch  3 : Train Loss 0.003129
Epoch  4 : Train Loss 0.001814
Epoch  5 : Train Loss 0.001192
Epoch  6 : Train Loss 0.000829 , Train acc 0.946700, Valid acc 0.916600
Epoch  7 : Train Loss 0.000552
Epoch  8 : Train Loss 0.000371
Epoch  1 : Train Loss 0.046387 , Train acc 0.112700, Valid acc 0.112600
Epoch  2 : Train Loss 0.006028
Epoch  3 : Train Loss 0.002706
Epoch  4 : Train Loss 0.001442
Epoch  5 : Train Loss 0.000888
Epoch  6 : Train Loss 0.000500 , Train acc 0.977200, Valid acc 0.947600
Epoch  7 : Train Loss 0.000333
Epoch  8 : Train Loss 0.000248
Epoch  1 : Train Loss 0.039395 , Train acc 0.112700, Valid acc 0.112600
Epoch  2 : Train Loss 0.005143
Epoch  3 : Train Loss 0.002031
Epoch  4 : Train Loss 0.001329
Epoch  5 : Train Loss 0.000872
Epoch  6 : Train Loss 0.000563 , Train acc 0.955700, Valid acc 0.915000
Epoch  7 : Train Loss 0.000396
Epoch  8 : Train Loss 0.000179
[-0.54205444 -0.58623724 -0.97044641]
[0.38338633 0.36681601 0.24979766]
[0. 0. 0.]
[[2 0 0 1]
 [0 1 2 1]
 [2 0 0 1]
 [1 1 2 1]
 [0 0 0 2]
 [2 0 2 0]
 [1 1 1 1]
 [0 0 2 2]]
[-0.1009226  -0.8678775  -1.21106246]
[0.55743286 0.25888584 0.1836813 ]
[0. 0. 0.]
[[2 0 0 1]
 [0 1 2 1]
 [2 0 0 1]
 [1 1 2 1]
 [0 0 0 2]
 [2 0 2 0]
 [1 1 1 1]
 [0 0 2 2]]
[-1.20170304 -0.50752768 -0.43449143]
[0.19395595 0.38831095 0.41773309]
[0. 0. 0.]
[[2 0 0 1]
 [0 1 2 1]
 [2 0 0 1]
 [1 1 2 1]
 [0 0 0 2]
 [2 0 2 0]
 [1 1 1 1]
 [0 0 2 2]]
[-1.16937786 -0.86719347 -0.1314131 ]
[0.1931891  0.26134828 0.54546262]
[0. 0. 0.]
[[2 0 0 1]
 [0 1 2 1]
 [2 0 0 1]
 [1 1 2 1]
 [0 0 0 2]
 [2 0 2 0]
 [1 1 1 1]
 [0 0 2 2]]
Epoch 3 : b_values [[0.39718124 0.37435038 0.22846838]
 [0.55331807 0.26281747 0.18386446]
 [0.18576271 0.39272102 0.42151627]
 [0.18821591 0.24701256 0.56477153]] 
Epoch  1 : Train Loss 0.041873 , Train acc 0.112700, Valid acc 0.112600
Epoch  2 : Train Loss 0.005767
Epoch  3 : Train Loss 0.002974
Epoch  4 : Train Loss 0.001509
Epoch  5 : Train Loss 0.000877
Epoch  6 : Train Loss 0.000537 , Train acc 0.980400, Valid acc 0.960400
Epoch  7 : Train Loss 0.000330
Epoch  8 : Train Loss 0.000122
Epoch  1 : Train Loss 0.046908 , Train acc 0.112700, Valid acc 0.112600
Epoch  2 : Train Loss 0.006797
Epoch  3 : Train Loss 0.003178
Epoch  4 : Train Loss 0.001874
Epoch  5 : Train Loss 0.001217
Epoch  6 : Train Loss 0.000791 , Train acc 0.976800, Valid acc 0.947400
Epoch  7 : Train Loss 0.000526
Epoch  8 : Train Loss 0.000317
Epoch  1 : Train Loss 0.042880 , Train acc 0.112700, Valid acc 0.112600
Epoch  2 : Train Loss 0.005595
Epoch  3 : Train Loss 0.002482
Epoch  4 : Train Loss 0.001293
Epoch  5 : Train Loss 0.000936
Epoch  6 : Train Loss 0.000635 , Train acc 0.950500, Valid acc 0.922000
Epoch  7 : Train Loss 0.000342
Epoch  8 : Train Loss 0.000145
Epoch  1 : Train Loss 0.044653 , Train acc 0.112700, Valid acc 0.112600
Epoch  2 : Train Loss 0.005420
Epoch  3 : Train Loss 0.002536
Epoch  4 : Train Loss 0.001224
Epoch  5 : Train Loss 0.000706
Epoch  6 : Train Loss 0.000382 , Train acc 0.988200, Valid acc 0.964000
Epoch  7 : Train Loss 0.000238
Epoch  8 : Train Loss 0.000206
Epoch  1 : Train Loss 0.047005 , Train acc 0.112700, Valid acc 0.112600
Epoch  2 : Train Loss 0.006564
Epoch  3 : Train Loss 0.002767
Epoch  4 : Train Loss 0.001622
Epoch  5 : Train Loss 0.001078
Epoch  6 : Train Loss 0.000733 , Train acc 0.916700, Valid acc 0.895800
Epoch  7 : Train Loss 0.000616
Epoch  8 : Train Loss 0.000266
Epoch  1 : Train Loss 0.040314 , Train acc 0.112700, Valid acc 0.112600
Epoch  2 : Train Loss 0.004984
Epoch  3 : Train Loss 0.002312
Epoch  4 : Train Loss 0.001203
Epoch  5 : Train Loss 0.000824
Epoch  6 : Train Loss 0.000479 , Train acc 0.965500, Valid acc 0.939800
Epoch  7 : Train Loss 0.000290
Epoch  8 : Train Loss 0.000237
Epoch  1 : Train Loss 0.045355 , Train acc 0.112700, Valid acc 0.112600
Epoch  2 : Train Loss 0.006409
Epoch  3 : Train Loss 0.002738
Epoch  4 : Train Loss 0.001509
Epoch  5 : Train Loss 0.000990
Epoch  6 : Train Loss 0.000615 , Train acc 0.978500, Valid acc 0.954000
Epoch  7 : Train Loss 0.000312
Epoch  8 : Train Loss 0.000149
Epoch  1 : Train Loss 0.056008 , Train acc 0.112700, Valid acc 0.112600
Epoch  2 : Train Loss 0.007831
Epoch  3 : Train Loss 0.003198
Epoch  4 : Train Loss 0.001735
Epoch  5 : Train Loss 0.001086
Epoch  6 : Train Loss 0.000760 , Train acc 0.955900, Valid acc 0.921200
Epoch  7 : Train Loss 0.000534
Epoch  8 : Train Loss 0.000330
[-0.41722389 -0.51359829 -1.21697985]
[0.4241669  0.38519612 0.19063699]
[0. 0. 0.]
[[2 1 1 2]
 [1 0 0 1]
 [2 0 0 2]
 [2 2 2 2]
 [1 2 2 1]
 [1 0 2 2]
 [2 0 2 1]
 [0 0 2 0]]
[ 0.21408624 -1.03137575 -1.49038162]
[0.68042159 0.19583072 0.12374769]
[0. 0. 0.]
[[2 1 1 2]
 [1 0 0 1]
 [2 0 0 2]
 [2 2 2 2]
 [1 2 2 1]
 [1 0 2 2]
 [2 0 2 1]
 [0 0 2 0]]
[-1.47778176 -0.4358888  -0.31655203]
[0.14227916 0.40330134 0.4544195 ]
[0. 0. 0.]
[[2 1 1 2]
 [1 0 0 1]
 [2 0 0 2]
 [2 2 2 2]
 [1 2 2 1]
 [1 0 2 2]
 [2 0 2 1]
 [0 0 2 0]]
[-1.46164466 -1.11460937  0.26055018]
[0.12481799 0.17660081 0.6985812 ]
[0. 0. 0.]
[[2 1 1 2]
 [1 0 0 1]
 [2 0 0 2]
 [2 2 2 2]
 [1 2 2 1]
 [1 0 2 2]
 [2 0 2 1]
 [0 0 2 0]]
Epoch 4 : b_values [[0.41383819 0.36885969 0.21730212]
 [0.67272658 0.20516682 0.12210661]
 [0.1407821  0.41653236 0.44268554]
 [0.11723104 0.16953794 0.71323102]] 
Epoch  1 : Train Loss 0.041214 , Train acc 0.112700, Valid acc 0.112600
Epoch  2 : Train Loss 0.005477
Epoch  3 : Train Loss 0.002280
Epoch  4 : Train Loss 0.001296
Epoch  5 : Train Loss 0.000734
Epoch  6 : Train Loss 0.000511 , Train acc 0.974600, Valid acc 0.953000
Epoch  7 : Train Loss 0.000377
Epoch  8 : Train Loss 0.000217
Epoch  1 : Train Loss 0.056603 , Train acc 0.112700, Valid acc 0.112600
Epoch  2 : Train Loss 0.007767
Epoch  3 : Train Loss 0.003222
Epoch  4 : Train Loss 0.001932
Epoch  5 : Train Loss 0.001391
Epoch  6 : Train Loss 0.000891 , Train acc 0.970200, Valid acc 0.944000
Epoch  7 : Train Loss 0.000573
Epoch  8 : Train Loss 0.000380
Epoch  1 : Train Loss 0.041485 , Train acc 0.112700, Valid acc 0.112600
Epoch  2 : Train Loss 0.005204
Epoch  3 : Train Loss 0.002339
Epoch  4 : Train Loss 0.001237
Epoch  5 : Train Loss 0.000719
Epoch  6 : Train Loss 0.000345 , Train acc 0.991200, Valid acc 0.967200
Epoch  7 : Train Loss 0.000204
Epoch  8 : Train Loss 0.000094
Epoch  1 : Train Loss 0.040388 , Train acc 0.112700, Valid acc 0.112600
Epoch  2 : Train Loss 0.005708
Epoch  3 : Train Loss 0.002446
Epoch  4 : Train Loss 0.001332
Epoch  5 : Train Loss 0.000675
Epoch  6 : Train Loss 0.000405 , Train acc 0.995000, Valid acc 0.975000
Epoch  7 : Train Loss 0.000149
Epoch  8 : Train Loss 0.000072
Epoch  1 : Train Loss 0.046242 , Train acc 0.112700, Valid acc 0.112600
Epoch  2 : Train Loss 0.006328
Epoch  3 : Train Loss 0.002522
Epoch  4 : Train Loss 0.001291
Epoch  5 : Train Loss 0.001034
Epoch  6 : Train Loss 0.000602 , Train acc 0.997300, Valid acc 0.978400
Epoch  7 : Train Loss 0.000320
Epoch  8 : Train Loss 0.000153
Epoch  1 : Train Loss 0.040082 , Train acc 0.112700, Valid acc 0.112600
Epoch  2 : Train Loss 0.005552
Epoch  3 : Train Loss 0.002656
Epoch  4 : Train Loss 0.001543
Epoch  5 : Train Loss 0.000974
Epoch  6 : Train Loss 0.000589 , Train acc 0.986300, Valid acc 0.960600
Epoch  7 : Train Loss 0.000270
Epoch  8 : Train Loss 0.000146
Epoch  1 : Train Loss 0.040605 , Train acc 0.112700, Valid acc 0.112600
Epoch  2 : Train Loss 0.005565
Epoch  3 : Train Loss 0.002303
Epoch  4 : Train Loss 0.001178
Epoch  5 : Train Loss 0.000856
Epoch  6 : Train Loss 0.000450 , Train acc 0.985700, Valid acc 0.964000
Epoch  7 : Train Loss 0.000277
Epoch  8 : Train Loss 0.000194
Epoch  1 : Train Loss 0.043438 , Train acc 0.112700, Valid acc 0.112600
Epoch  2 : Train Loss 0.005529
Epoch  3 : Train Loss 0.002259
Epoch  4 : Train Loss 0.001264
Epoch  5 : Train Loss 0.000802
Epoch  6 : Train Loss 0.000822 , Train acc 0.934900, Valid acc 0.896800
Epoch  7 : Train Loss 0.000474
Epoch  8 : Train Loss 0.000321
[-0.34812081 -0.53711188 -1.28145815]
[0.45024094 0.3727067  0.17705236]
[0. 0. 0.]
[[0 0 2 2]
 [2 1 1 0]
 [1 0 2 2]
 [0 0 1 2]
 [1 0 2 1]
 [1 0 1 2]
 [1 0 2 2]
 [2 2 2 2]]
[ 0.720543   -1.35430888 -1.97263068]
[0.83805376 0.10523862 0.05670762]
[0. 0. 0.]
[[0 0 2 2]
 [2 1 1 0]
 [1 0 2 2]
 [0 0 1 2]
 [1 0 2 1]
 [1 0 1 2]
 [1 0 2 2]
 [2 2 2 2]]
[-1.80880926 -0.33702485 -0.23026995]
[0.09799241 0.4269532  0.47505439]
[0. 0. 0.]
[[0 0 2 2]
 [2 1 1 0]
 [1 0 2 2]
 [0 0 1 2]
 [1 0 2 1]
 [1 0 1 2]
 [1 0 2 2]
 [2 2 2 2]]
[-2.01891685 -1.58890552  0.91112846]
[0.04702396 0.07228876 0.88068728]
[0. 0. 0.]
[[0 0 2 2]
 [2 1 1 0]
 [1 0 2 2]
 [0 0 1 2]
 [1 0 2 1]
 [1 0 1 2]
 [1 0 2 2]
 [2 2 2 2]]
Epoch 5 : b_values [[0.45718354 0.3951531  0.14766337]
 [0.85427427 0.09371451 0.05201121]
 [0.09799062 0.42608579 0.47592359]
 [0.04184629 0.07372164 0.88443207]] 
Epoch  1 : Train Loss 0.041927 , Train acc 0.112700, Valid acc 0.112600
Epoch  2 : Train Loss 0.005509
Epoch  3 : Train Loss 0.002480
Epoch  4 : Train Loss 0.001205
Epoch  5 : Train Loss 0.000983
Epoch  6 : Train Loss 0.000561 , Train acc 0.988600, Valid acc 0.966200
Epoch  7 : Train Loss 0.000273
Epoch  8 : Train Loss 0.000090
Epoch  1 : Train Loss 0.041675 , Train acc 0.112700, Valid acc 0.112600
Epoch  2 : Train Loss 0.005534
Epoch  3 : Train Loss 0.002123
Epoch  4 : Train Loss 0.001058
Epoch  5 : Train Loss 0.000698
Epoch  6 : Train Loss 0.000408 , Train acc 0.980700, Valid acc 0.957600
Epoch  7 : Train Loss 0.000253
Epoch  8 : Train Loss 0.000134
Epoch  1 : Train Loss 0.040523 , Train acc 0.112700, Valid acc 0.112600
Epoch  2 : Train Loss 0.005374
Epoch  3 : Train Loss 0.002181
Epoch  4 : Train Loss 0.001144
Epoch  5 : Train Loss 0.000662
Epoch  6 : Train Loss 0.000332 , Train acc 0.996800, Valid acc 0.977200
Epoch  7 : Train Loss 0.000174
Epoch  8 : Train Loss 0.000084
Epoch  1 : Train Loss 0.041588 , Train acc 0.112700, Valid acc 0.112600
Epoch  2 : Train Loss 0.005504
Epoch  3 : Train Loss 0.002681
Epoch  4 : Train Loss 0.001435
Epoch  5 : Train Loss 0.000917
Epoch  6 : Train Loss 0.000469 , Train acc 0.982400, Valid acc 0.957800
Epoch  7 : Train Loss 0.000302
Epoch  8 : Train Loss 0.000131
Epoch  1 : Train Loss 0.041739 , Train acc 0.112700, Valid acc 0.112600
Epoch  2 : Train Loss 0.005749
Epoch  3 : Train Loss 0.002609
Epoch  4 : Train Loss 0.001543
Epoch  5 : Train Loss 0.001227
Epoch  6 : Train Loss 0.000870 , Train acc 0.957600, Valid acc 0.931200
Epoch  7 : Train Loss 0.000366
Epoch  8 : Train Loss 0.000172
Epoch  1 : Train Loss 0.040812 , Train acc 0.112700, Valid acc 0.112600
Epoch  2 : Train Loss 0.005325
Epoch  3 : Train Loss 0.002350
Epoch  4 : Train Loss 0.001259
Epoch  5 : Train Loss 0.000753
Epoch  6 : Train Loss 0.000490 , Train acc 0.993800, Valid acc 0.973600
Epoch  7 : Train Loss 0.000377
Epoch  8 : Train Loss 0.000186
Epoch  1 : Train Loss 0.046334 , Train acc 0.112700, Valid acc 0.112600
Epoch  2 : Train Loss 0.006869
Epoch  3 : Train Loss 0.002891
Epoch  4 : Train Loss 0.001674
Epoch  5 : Train Loss 0.001002
Epoch  6 : Train Loss 0.000675 , Train acc 0.946800, Valid acc 0.916000
Epoch  7 : Train Loss 0.000513
Epoch  8 : Train Loss 0.000417
Epoch  1 : Train Loss 0.038002 , Train acc 0.112700, Valid acc 0.112600
Epoch  2 : Train Loss 0.005059
Epoch  3 : Train Loss 0.002315
Epoch  4 : Train Loss 0.001322
Epoch  5 : Train Loss 0.000870
Epoch  6 : Train Loss 0.000540 , Train acc 0.981600, Valid acc 0.960000
Epoch  7 : Train Loss 0.000443
Epoch  8 : Train Loss 0.000227
[-0.17168634 -0.42570209 -1.75304643]
[0.50470009 0.39148555 0.10381436]
[0. 0. 0.]
[[0 0 2 2]
 [1 0 2 2]
 [0 0 2 2]
 [0 0 2 2]
 [1 0 0 2]
 [1 0 1 2]
 [1 0 1 1]
 [1 0 2 2]]
[ 1.76852602 -2.26910129 -2.90288331]
[0.9737114  0.01717556 0.00911303]
[0. 0. 0.]
[[0 0 2 2]
 [1 0 2 2]
 [0 0 2 2]
 [0 0 2 2]
 [1 0 0 2]
 [1 0 1 2]
 [1 0 1 1]
 [1 0 2 2]]
[-2.21975318 -0.29783921 -0.09638018]
[0.06175389 0.42202769 0.51621842]
[0. 0. 0.]
[[0 0 2 2]
 [1 0 2 2]
 [0 0 2 2]
 [0 0 2 2]
 [1 0 0 2]
 [1 0 1 2]
 [1 0 1 1]
 [1 0 2 2]]
[-3.13100506 -2.53087843  2.03508722]
[0.00561637 0.01023498 0.98414865]
[0. 0. 0.]
[[0 0 2 2]
 [1 0 2 2]
 [0 0 2 2]
 [0 0 2 2]
 [1 0 0 2]
 [1 0 1 2]
 [1 0 1 1]
 [1 0 2 2]]
Epoch 6 : b_values [[0.54427138 0.35248161 0.10324701]
 [0.9737114  0.01717556 0.00911303]
 [0.06187415 0.38159342 0.55653244]
 [0.00561059 0.00869066 0.98569875]] 
Epoch  1 : Train Loss 0.042279 , Train acc 0.112700, Valid acc 0.112600
Epoch  2 : Train Loss 0.006027
Epoch  3 : Train Loss 0.002774
Epoch  4 : Train Loss 0.001315
Epoch  5 : Train Loss 0.000895
Epoch  6 : Train Loss 0.000518 , Train acc 0.983200, Valid acc 0.957800
Epoch  7 : Train Loss 0.000403
Epoch  8 : Train Loss 0.000149
Epoch  1 : Train Loss 0.040756 , Train acc 0.112700, Valid acc 0.112600
Epoch  2 : Train Loss 0.005683
Epoch  3 : Train Loss 0.002191
Epoch  4 : Train Loss 0.001238
Epoch  5 : Train Loss 0.000712
Epoch  6 : Train Loss 0.000382 , Train acc 0.973600, Valid acc 0.946000
Epoch  7 : Train Loss 0.000215
Epoch  8 : Train Loss 0.000086
Epoch  1 : Train Loss 0.041374 , Train acc 0.112700, Valid acc 0.112600
Epoch  2 : Train Loss 0.005387
Epoch  3 : Train Loss 0.002262
Epoch  4 : Train Loss 0.001361
Epoch  5 : Train Loss 0.000928
Epoch  6 : Train Loss 0.000637 , Train acc 0.982100, Valid acc 0.957400
Epoch  7 : Train Loss 0.000472
Epoch  8 : Train Loss 0.000168
Epoch  1 : Train Loss 0.041525 , Train acc 0.112700, Valid acc 0.112600
Epoch  2 : Train Loss 0.005431
Epoch  3 : Train Loss 0.002261
Epoch  4 : Train Loss 0.001312
Epoch  5 : Train Loss 0.000963
Epoch  6 : Train Loss 0.000575 , Train acc 0.981100, Valid acc 0.959600
Epoch  7 : Train Loss 0.000394
Epoch  8 : Train Loss 0.000254
Epoch  1 : Train Loss 0.038472 , Train acc 0.112700, Valid acc 0.112600
Epoch  2 : Train Loss 0.005572
Epoch  3 : Train Loss 0.002451
Epoch  4 : Train Loss 0.001206
Epoch  5 : Train Loss 0.000740
Epoch  6 : Train Loss 0.000391 , Train acc 0.985900, Valid acc 0.962600
Epoch  7 : Train Loss 0.000255
Epoch  8 : Train Loss 0.000134
Epoch  1 : Train Loss 0.039949 , Train acc 0.112700, Valid acc 0.112600
Epoch  2 : Train Loss 0.005453
Epoch  3 : Train Loss 0.002336
Epoch  4 : Train Loss 0.001370
Epoch  5 : Train Loss 0.000790
Epoch  6 : Train Loss 0.000426 , Train acc 0.991500, Valid acc 0.968400
Epoch  7 : Train Loss 0.000321
Epoch  8 : Train Loss 0.000307
Epoch  1 : Train Loss 0.039102 , Train acc 0.112700, Valid acc 0.112600
Epoch  2 : Train Loss 0.005251
Epoch  3 : Train Loss 0.002090
Epoch  4 : Train Loss 0.001151
Epoch  5 : Train Loss 0.000766
Epoch  6 : Train Loss 0.000459 , Train acc 0.938300, Valid acc 0.905600
Epoch  7 : Train Loss 0.000240
Epoch  8 : Train Loss 0.000115
Epoch  1 : Train Loss 0.041269 , Train acc 0.112700, Valid acc 0.112600
Epoch  2 : Train Loss 0.005375
Epoch  3 : Train Loss 0.002477
Epoch  4 : Train Loss 0.001408
Epoch  5 : Train Loss 0.001034
Epoch  6 : Train Loss 0.000785 , Train acc 0.950500, Valid acc 0.910000
Epoch  7 : Train Loss 0.000476
Epoch  8 : Train Loss 0.000315
[ 0.1775505  -0.60814875 -2.16165621]
[0.64424482 0.29364735 0.06210783]
[0. 0. 0.]
[[1 0 2 2]
 [2 0 1 2]
 [0 0 2 2]
 [1 0 2 2]
 [0 0 2 2]
 [2 0 1 2]
 [0 0 2 2]
 [1 0 2 2]]
[ 3.61197969 -4.04694285 -4.68889483]
[9.99280403e-01 4.71475981e-04 2.48120913e-04]
[0. 0. 0.]
[[1 0 2 2]
 [2 0 1 2]
 [0 0 2 2]
 [1 0 2 2]
 [0 0 2 2]
 [2 0 1 2]
 [0 0 2 2]
 [1 0 2 2]]
[-2.71878167 -0.48279045  0.22710079]
[0.03403306 0.3184048  0.64756215]
[0. 0. 0.]
[[1 0 2 2]
 [2 0 1 2]
 [0 0 2 2]
 [1 0 2 2]
 [0 0 2 2]
 [2 0 1 2]
 [0 0 2 2]
 [1 0 2 2]]
[-5.1774734  -4.73677803  4.23300416]
[8.18447332e-05 1.27169307e-04 9.99790986e-01]
[0. 0. 0.]
[[1 0 2 2]
 [2 0 1 2]
 [0 0 2 2]
 [1 0 2 2]
 [0 0 2 2]
 [2 0 1 2]
 [0 0 2 2]
 [1 0 2 2]]
Epoch 7 : b_values [[6.65213637e-01 2.73352087e-01 6.14342761e-02]
 [9.99280403e-01 4.71475981e-04 2.48120913e-04]
 [3.40301999e-02 3.16863573e-01 6.49106227e-01]
 [8.18447332e-05 1.27169307e-04 9.99790986e-01]] 
Epoch  1 : Train Loss 0.041826 , Train acc 0.112700, Valid acc 0.112600
Epoch  2 : Train Loss 0.005521
Epoch  3 : Train Loss 0.002348
Epoch  4 : Train Loss 0.001060
Epoch  5 : Train Loss 0.000723
Epoch  6 : Train Loss 0.000431 , Train acc 0.988700, Valid acc 0.962600
Epoch  7 : Train Loss 0.000302
Epoch  8 : Train Loss 0.000165
Epoch  1 : Train Loss 0.039509 , Train acc 0.112700, Valid acc 0.112600
Epoch  2 : Train Loss 0.005400
Epoch  3 : Train Loss 0.002226
Epoch  4 : Train Loss 0.001065
Epoch  5 : Train Loss 0.000788
Epoch  6 : Train Loss 0.000463 , Train acc 0.989700, Valid acc 0.964400
Epoch  7 : Train Loss 0.000224
Epoch  8 : Train Loss 0.000074
Epoch  1 : Train Loss 0.040761 , Train acc 0.112700, Valid acc 0.112600
Epoch  2 : Train Loss 0.005643
Epoch  3 : Train Loss 0.002362
Epoch  4 : Train Loss 0.001276
Epoch  5 : Train Loss 0.000873
Epoch  6 : Train Loss 0.000484 , Train acc 0.987700, Valid acc 0.965800
Epoch  7 : Train Loss 0.000285
Epoch  8 : Train Loss 0.000094
Epoch  1 : Train Loss 0.040599 , Train acc 0.112700, Valid acc 0.112600
Epoch  2 : Train Loss 0.005515
Epoch  3 : Train Loss 0.002612
Epoch  4 : Train Loss 0.001554
Epoch  5 : Train Loss 0.000873
Epoch  6 : Train Loss 0.000481 , Train acc 0.997300, Valid acc 0.975800
Epoch  7 : Train Loss 0.000245
Epoch  8 : Train Loss 0.000136
Epoch  1 : Train Loss 0.040883 , Train acc 0.112700, Valid acc 0.112600
Epoch  2 : Train Loss 0.005280
Epoch  3 : Train Loss 0.002228
Epoch  4 : Train Loss 0.001098
Epoch  5 : Train Loss 0.000657
Epoch  6 : Train Loss 0.000367 , Train acc 0.975900, Valid acc 0.951000
Epoch  7 : Train Loss 0.000167
Epoch  8 : Train Loss 0.000102
Epoch  1 : Train Loss 0.037767 , Train acc 0.112700, Valid acc 0.112600
Epoch  2 : Train Loss 0.004897
Epoch  3 : Train Loss 0.001979
Epoch  4 : Train Loss 0.001075
Epoch  5 : Train Loss 0.000642
Epoch  6 : Train Loss 0.000388 , Train acc 0.984900, Valid acc 0.961000
Epoch  7 : Train Loss 0.000227
Epoch  8 : Train Loss 0.000125
Epoch  1 : Train Loss 0.039984 , Train acc 0.112700, Valid acc 0.112600
Epoch  2 : Train Loss 0.005465
Epoch  3 : Train Loss 0.002386
Epoch  4 : Train Loss 0.001353
Epoch  5 : Train Loss 0.000811
Epoch  6 : Train Loss 0.000470 , Train acc 0.989400, Valid acc 0.966600
Epoch  7 : Train Loss 0.000246
Epoch  8 : Train Loss 0.000123
Epoch  1 : Train Loss 0.040564 , Train acc 0.112700, Valid acc 0.112600
Epoch  2 : Train Loss 0.005017
Epoch  3 : Train Loss 0.002348
Epoch  4 : Train Loss 0.001226
Epoch  5 : Train Loss 0.000851
Epoch  6 : Train Loss 0.000496 , Train acc 0.938800, Valid acc 0.908600
Epoch  7 : Train Loss 0.000256
Epoch  8 : Train Loss 0.000102
[ 0.68661564 -0.9776814  -2.72638496]
[0.81815258 0.15489567 0.02695175]
[0. 0. 0.]
[[1 0 2 2]
 [0 0 2 2]
 [0 0 2 2]
 [0 0 0 2]
 [1 0 2 2]
 [0 0 2 2]
 [1 0 2 2]
 [1 0 2 2]]
[ 7.23609952 -7.65917081 -8.30134623]
[9.99999482e-01 3.39676941e-07 1.78719864e-07]
[0. 0. 0.]
[[1 0 2 2]
 [0 0 2 2]
 [0 0 2 2]
 [0 0 0 2]
 [1 0 2 2]
 [0 0 2 2]
 [1 0 2 2]
 [1 0 2 2]]
[-3.34588421 -0.76822327  0.61511284]
[0.01499791 0.19746705 0.78753504]
[0. 0. 0.]
[[1 0 2 2]
 [0 0 2 2]
 [0 0 2 2]
 [0 0 0 2]
 [1 0 2 2]
 [0 0 2 2]
 [1 0 2 2]
 [1 0 2 2]]
[-9.41060475 -8.96986405  8.47290009]
[1.71116744e-08 2.65891076e-08 9.99999956e-01]
[0. 0. 0.]
[[1 0 2 2]
 [0 0 2 2]
 [0 0 2 2]
 [0 0 0 2]
 [1 0 2 2]
 [0 0 2 2]
 [1 0 2 2]
 [1 0 2 2]]
Epoch 8 : b_values [[8.22683194e-01 1.50383652e-01 2.69331537e-02]
 [9.99999482e-01 3.39676941e-07 1.78719864e-07]
 [1.46113350e-02 1.96775557e-01 7.88613108e-01]
 [1.71116744e-08 2.65891076e-08 9.99999956e-01]] 
Epoch  1 : Train Loss 0.041801 , Train acc 0.112700, Valid acc 0.112600
Epoch  2 : Train Loss 0.005464
Epoch  3 : Train Loss 0.002242
Epoch  4 : Train Loss 0.001217
Epoch  5 : Train Loss 0.000797
Epoch  6 : Train Loss 0.000584 , Train acc 0.974800, Valid acc 0.951600
Epoch  7 : Train Loss 0.000304
Epoch  8 : Train Loss 0.000133
Epoch  1 : Train Loss 0.038296 , Train acc 0.112700, Valid acc 0.112600
Epoch  2 : Train Loss 0.005047
Epoch  3 : Train Loss 0.002183
Epoch  4 : Train Loss 0.001315
Epoch  5 : Train Loss 0.000921
Epoch  6 : Train Loss 0.000473 , Train acc 0.915400, Valid acc 0.885200
Epoch  7 : Train Loss 0.000273
Epoch  8 : Train Loss 0.000108
Epoch  1 : Train Loss 0.039706 , Train acc 0.112700, Valid acc 0.112600
Epoch  2 : Train Loss 0.005633
Epoch  3 : Train Loss 0.002326
Epoch  4 : Train Loss 0.001292
Epoch  5 : Train Loss 0.000886
Epoch  6 : Train Loss 0.000568 , Train acc 0.968700, Valid acc 0.943400
Epoch  7 : Train Loss 0.000317
Epoch  8 : Train Loss 0.000123
Epoch  1 : Train Loss 0.039819 , Train acc 0.112700, Valid acc 0.112600
Epoch  2 : Train Loss 0.005361
Epoch  3 : Train Loss 0.002292
Epoch  4 : Train Loss 0.001105
Epoch  5 : Train Loss 0.000618
Epoch  6 : Train Loss 0.000330 , Train acc 0.998800, Valid acc 0.977000
Epoch  7 : Train Loss 0.000158
Epoch  8 : Train Loss 0.000068
Epoch  1 : Train Loss 0.041444 , Train acc 0.112700, Valid acc 0.112600
Epoch  2 : Train Loss 0.005192
Epoch  3 : Train Loss 0.002058
Epoch  4 : Train Loss 0.001171
Epoch  5 : Train Loss 0.000545
Epoch  6 : Train Loss 0.000244 , Train acc 0.998400, Valid acc 0.977200
Epoch  7 : Train Loss 0.000089
Epoch  8 : Train Loss 0.000044
Epoch  1 : Train Loss 0.039425 , Train acc 0.112700, Valid acc 0.112600
Epoch  2 : Train Loss 0.005370
Epoch  3 : Train Loss 0.002161
Epoch  4 : Train Loss 0.001316
Epoch  5 : Train Loss 0.000817
Epoch  6 : Train Loss 0.000366 , Train acc 0.979900, Valid acc 0.957400
Epoch  7 : Train Loss 0.000188
Epoch  8 : Train Loss 0.000092
Epoch  1 : Train Loss 0.039148 , Train acc 0.147400, Valid acc 0.152000
Epoch  2 : Train Loss 0.005705
Epoch  3 : Train Loss 0.002315
Epoch  4 : Train Loss 0.001171
Epoch  5 : Train Loss 0.000853
Epoch  6 : Train Loss 0.000474 , Train acc 0.992400, Valid acc 0.970400
Epoch  7 : Train Loss 0.000245
Epoch  8 : Train Loss 0.000173
Epoch  1 : Train Loss 0.040314 , Train acc 0.112700, Valid acc 0.112600
Epoch  2 : Train Loss 0.005805
Epoch  3 : Train Loss 0.002543
Epoch  4 : Train Loss 0.001456
Epoch  5 : Train Loss 0.000823
Epoch  6 : Train Loss 0.000339 , Train acc 0.973600, Valid acc 0.941600
Epoch  7 : Train Loss 0.000198
Epoch  8 : Train Loss 0.000151
[ 1.53463319 -1.73159518 -3.58709477]
[0.95774822 0.03653814 0.00571364]
[0. 0. 0.]
[[0 0 1 2]
 [0 0 2 2]
 [0 0 1 2]
 [0 0 2 2]
 [0 0 2 2]
 [0 0 2 2]
 [0 0 2 2]
 [0 0 2 2]]
[ 14.47252434 -14.89527051 -15.53744608]
[1.00000000e+00 1.76087592e-13 9.26478713e-14]
[0. 0. 0.]
[[0 0 1 2]
 [0 0 2 2]
 [0 0 1 2]
 [0 0 2 2]
 [0 0 2 2]
 [0 0 2 2]
 [0 0 2 2]
 [0 0 2 2]]
[-4.21123855 -1.40657041  1.31658578]
[0.00371585 0.06139174 0.93489241]
[0. 0. 0.]
[[0 0 1 2]
 [0 0 2 2]
 [0 0 1 2]
 [0 0 2 2]
 [0 0 2 2]
 [0 0 2 2]
 [0 0 2 2]
 [0 0 2 2]]
[-17.88350487 -17.44276417  16.9458998 ]
[7.47793599e-16 1.16196488e-15 1.00000000e+00]
[0. 0. 0.]
[[0 0 1 2]
 [0 0 2 2]
 [0 0 1 2]
 [0 0 2 2]
 [0 0 2 2]
 [0 0 2 2]
 [0 0 2 2]
 [0 0 2 2]]
Epoch 9 : b_values [[9.57748220e-01 3.65381366e-02 5.71364379e-03]
 [1.00000000e+00 1.76087592e-13 9.26478713e-14]
 [3.71525686e-03 5.92877028e-02 9.36997040e-01]
 [7.47793599e-16 1.16196488e-15 1.00000000e+00]] 
Epoch  1 : Train Loss 0.038776 , Train acc 0.112700, Valid acc 0.112600
Epoch  2 : Train Loss 0.005291
Epoch  3 : Train Loss 0.002208
Epoch  4 : Train Loss 0.001155
Epoch  5 : Train Loss 0.000684
Epoch  6 : Train Loss 0.000340 , Train acc 0.997400, Valid acc 0.979000
Epoch  7 : Train Loss 0.000177
Epoch  8 : Train Loss 0.000076
Epoch  1 : Train Loss 0.040440 , Train acc 0.112700, Valid acc 0.112600
Epoch  2 : Train Loss 0.005453
Epoch  3 : Train Loss 0.002298
Epoch  4 : Train Loss 0.001130
Epoch  5 : Train Loss 0.000604
Epoch  6 : Train Loss 0.000398 , Train acc 0.993500, Valid acc 0.971000
Epoch  7 : Train Loss 0.000257
Epoch  8 : Train Loss 0.000122
Epoch  1 : Train Loss 0.041675 , Train acc 0.112700, Valid acc 0.112600
Epoch  2 : Train Loss 0.005777
Epoch  3 : Train Loss 0.002488
Epoch  4 : Train Loss 0.001165
Epoch  5 : Train Loss 0.000676
Epoch  6 : Train Loss 0.000430 , Train acc 0.986700, Valid acc 0.967200
Epoch  7 : Train Loss 0.000246
Epoch  8 : Train Loss 0.000122
Epoch  1 : Train Loss 0.039714 , Train acc 0.131000, Valid acc 0.130800
Epoch  2 : Train Loss 0.005286
Epoch  3 : Train Loss 0.002137
Epoch  4 : Train Loss 0.001196
Epoch  5 : Train Loss 0.000598
Epoch  6 : Train Loss 0.000376 , Train acc 0.992700, Valid acc 0.969800
Epoch  7 : Train Loss 0.000209
Epoch  8 : Train Loss 0.000131
Epoch  1 : Train Loss 0.040471 , Train acc 0.112700, Valid acc 0.112600
Epoch  2 : Train Loss 0.005519
Epoch  3 : Train Loss 0.002273
Epoch  4 : Train Loss 0.001183
Epoch  5 : Train Loss 0.000750
Epoch  6 : Train Loss 0.000380 , Train acc 0.990600, Valid acc 0.967200
Epoch  7 : Train Loss 0.000190
Epoch  8 : Train Loss 0.000072
Epoch  1 : Train Loss 0.041082 , Train acc 0.107000, Valid acc 0.104600
Epoch  2 : Train Loss 0.005440
Epoch  3 : Train Loss 0.001987
Epoch  4 : Train Loss 0.001077
Epoch  5 : Train Loss 0.000754
Epoch  6 : Train Loss 0.000633 , Train acc 0.986800, Valid acc 0.965600
Epoch  7 : Train Loss 0.000324
Epoch  8 : Train Loss 0.000125
Epoch  1 : Train Loss 0.038352 , Train acc 0.112700, Valid acc 0.112600
Epoch  2 : Train Loss 0.005005
Epoch  3 : Train Loss 0.002201
Epoch  4 : Train Loss 0.001187
Epoch  5 : Train Loss 0.000734
Epoch  6 : Train Loss 0.000383 , Train acc 0.975600, Valid acc 0.950600
Epoch  7 : Train Loss 0.000366
Epoch  8 : Train Loss 0.000180
Epoch  1 : Train Loss 0.041333 , Train acc 0.112700, Valid acc 0.112600
Epoch  2 : Train Loss 0.005027
Epoch  3 : Train Loss 0.002186
Epoch  4 : Train Loss 0.001199
Epoch  5 : Train Loss 0.000788
Epoch  6 : Train Loss 0.000445 , Train acc 0.987200, Valid acc 0.966200
Epoch  7 : Train Loss 0.000284
Epoch  8 : Train Loss 0.000115
[ 3.12093843 -3.27217635 -5.15916829]
[9.98077157e-01 1.66981995e-03 2.53022684e-04]
[0. 0. 0.]
[[0 0 2 2]
 [0 0 2 2]
 [0 0 2 2]
 [0 0 2 2]
 [0 0 2 2]
 [0 0 2 2]
 [0 0 2 2]
 [1 0 2 2]]
[ 28.94486461 -29.36779484 -30.00997042]
[1.00000000e+00 4.73297024e-26 2.49023575e-26]
[0. 0. 0.]
[[0 0 2 2]
 [0 0 2 2]
 [0 0 2 2]
 [0 0 2 2]
 [0 0 2 2]
 [0 0 2 2]
 [0 0 2 2]
 [1 0 2 2]]
[-5.59158529 -2.76423544  2.69949842]
[2.49622168e-04 4.21876747e-03 9.95531610e-01]
[0. 0. 0.]
[[0 0 2 2]
 [0 0 2 2]
 [0 0 2 2]
 [0 0 2 2]
 [0 0 2 2]
 [0 0 2 2]
 [0 0 2 2]
 [1 0 2 2]]
[-34.82940467 -34.38866396  33.84642881]
[1.49439181e-30 2.32207229e-30 1.00000000e+00]
[0. 0. 0.]
[[0 0 2 2]
 [0 0 2 2]
 [0 0 2 2]
 [0 0 2 2]
 [0 0 2 2]
 [0 0 2 2]
 [0 0 2 2]
 [1 0 2 2]]
Epoch 10 : b_values [[9.98072417e-01 1.67455976e-03 2.53022863e-04]
 [1.00000000e+00 4.73297024e-26 2.49023575e-26]
 [2.49622168e-04 4.21876747e-03 9.95531610e-01]
 [1.49439181e-30 2.32207229e-30 1.00000000e+00]] 
Epoch  1 : Train Loss 0.041214 , Train acc 0.112700, Valid acc 0.112600
Epoch  2 : Train Loss 0.005412
Epoch  3 : Train Loss 0.002333
Epoch  4 : Train Loss 0.001345
Epoch  5 : Train Loss 0.000688
Epoch  6 : Train Loss 0.000453 , Train acc 0.994100, Valid acc 0.970400
Epoch  7 : Train Loss 0.000296
Epoch  8 : Train Loss 0.000137
Epoch  1 : Train Loss 0.038633 , Train acc 0.112700, Valid acc 0.112600
Epoch  2 : Train Loss 0.004860
Epoch  3 : Train Loss 0.001825
Epoch  4 : Train Loss 0.000973
Epoch  5 : Train Loss 0.000759
Epoch  6 : Train Loss 0.000575 , Train acc 0.958700, Valid acc 0.932400
Epoch  7 : Train Loss 0.000358
Epoch  8 : Train Loss 0.000192
Epoch  1 : Train Loss 0.041108 , Train acc 0.112700, Valid acc 0.112600
Epoch  2 : Train Loss 0.005321
Epoch  3 : Train Loss 0.002308
Epoch  4 : Train Loss 0.001184
Epoch  5 : Train Loss 0.000700
Epoch  6 : Train Loss 0.000479 , Train acc 0.984300, Valid acc 0.962800
Epoch  7 : Train Loss 0.000299
Epoch  8 : Train Loss 0.000139
Epoch  1 : Train Loss 0.040357 , Train acc 0.112700, Valid acc 0.112600
Epoch  2 : Train Loss 0.005226
Epoch  3 : Train Loss 0.002446
Epoch  4 : Train Loss 0.001375
Epoch  5 : Train Loss 0.000942
Epoch  6 : Train Loss 0.000485 , Train acc 0.952900, Valid acc 0.929600
Epoch  7 : Train Loss 0.000285
Epoch  8 : Train Loss 0.000153
Epoch  1 : Train Loss 0.041073 , Train acc 0.112700, Valid acc 0.112600
Epoch  2 : Train Loss 0.005859
Epoch  3 : Train Loss 0.002395
Epoch  4 : Train Loss 0.001486
Epoch  5 : Train Loss 0.001168
Epoch  6 : Train Loss 0.000644 , Train acc 0.947000, Valid acc 0.925600
Epoch  7 : Train Loss 0.000409
Epoch  8 : Train Loss 0.000152
Epoch  1 : Train Loss 0.040874 , Train acc 0.112700, Valid acc 0.112600
Epoch  2 : Train Loss 0.005579
Epoch  3 : Train Loss 0.002154
Epoch  4 : Train Loss 0.001071
Epoch  5 : Train Loss 0.000640
Epoch  6 : Train Loss 0.000384 , Train acc 0.993300, Valid acc 0.970200
Epoch  7 : Train Loss 0.000250
Epoch  8 : Train Loss 0.000116
Epoch  1 : Train Loss 0.040684 , Train acc 0.112700, Valid acc 0.112600
Epoch  2 : Train Loss 0.005397
Epoch  3 : Train Loss 0.002097
Epoch  4 : Train Loss 0.001243
Epoch  5 : Train Loss 0.000769
Epoch  6 : Train Loss 0.000526 , Train acc 0.938400, Valid acc 0.915800
Epoch  7 : Train Loss 0.000358
Epoch  8 : Train Loss 0.000186
Epoch  1 : Train Loss 0.040294 , Train acc 0.112700, Valid acc 0.112600
Epoch  2 : Train Loss 0.005386
Epoch  3 : Train Loss 0.002308
Epoch  4 : Train Loss 0.001208
Epoch  5 : Train Loss 0.000717
Epoch  6 : Train Loss 0.000469 , Train acc 0.977300, Valid acc 0.955000
Epoch  7 : Train Loss 0.000263
Epoch  8 : Train Loss 0.000107
[ 6.24955915 -6.39052902 -8.28177765]
[9.99996272e-01 3.23949893e-06 4.88786267e-07]
[0. 0. 0.]
[[0 0 2 2]
 [0 0 2 2]
 [0 0 2 2]
 [0 0 2 2]
 [0 0 2 2]
 [0 0 2 2]
 [0 0 2 2]
 [0 0 2 2]]
[         inf -58.31265946 -58.95483503]
[nan  0.  0.]
[0. 0. 0.]
[[0 0 2 2]
 [0 0 2 2]
 [0 0 2 2]
 [0 0 2 2]
 [0 0 2 2]
 [0 0 2 2]
 [0 0 2 2]
 [0 0 2 2]]
[-8.29531246 -5.46398457  5.40624879]
[1.12067275e-06 1.90155498e-05 9.99979864e-01]
[0. 0. 0.]
[[0 0 2 2]
 [0 0 2 2]
 [0 0 2 2]
 [0 0 2 2]
 [0 0 2 2]
 [0 0 2 2]
 [0 0 2 2]
 [0 0 2 2]]
[-68.67583348 -68.23509277          inf]
[ 0.  0. nan]
[0. 0. 0.]
[[0 0 2 2]
 [0 0 2 2]
 [0 0 2 2]
 [0 0 2 2]
 [0 0 2 2]
 [0 0 2 2]
 [0 0 2 2]
 [0 0 2 2]]
Epoch 11 : b_values [[9.99996272e-01 3.23949893e-06 4.88786267e-07]
 [           nan            nan            nan]
 [1.12067275e-06 1.90155498e-05 9.99979864e-01]
 [           nan            nan            nan]] 
